  [4;36;1mSQL (0.2ms)[0m   [0;1mSET SQL_AUTO_IS_NULL=0[0m
  [4;35;1mSQL (0.5ms)[0m   [0mSHOW TABLES[0m
  [4;36;1mSQL (0.2ms)[0m   [0;1mSELECT version FROM schema_migrations[0m
 BY neuron_activations.id ASC LIMIT 1000[0m
  [4;36;1mNeuronActivation Columns (11.1ms)[0m   [0;1mSHOW FIELDS FROM `neuron_activations`[0m
  [4;35;1mSQL (0.2ms)[0m   [0mBEGIN[0m
  [4;36;1mSQL (0.1ms)[0m   [0;1mCOMMIT[0m
  [4;35;1mNeuron Columns (1.9ms)[0m   [0mSHOW FIELDS FROM `neurons`[0m
  [4;36;1mSQL (2.7ms)[0m   [0;1mBEGIN[0m
  [4;35;1mNeuron Load (0.5ms)[0m   [0mSELECT `neurons`.id FROM `neurons` WHERE (`neurons`.`all_children_ids` = BINARY '') LIMIT 1[0m
  [4;36;1mNeuron Load (0.2ms)[0m   [0;1mSELECT `neurons`.id FROM `neurons` WHERE (`neurons`.`input_char` = BINARY 'a') LIMIT 1[0m
  [4;35;1mNeuron Create (0.2ms)[0m   [0mINSERT INTO `neurons` (`input_char`, `strength`, `all_children_ids`, `active_up_to`, `complexity`) VALUES('a', 0, '--- []\n\n', 0, 1)[0m
  [4;36;1mNeuronActivation Create (0.2ms)[0m   [0;1mINSERT INTO `neuron_activations` (`active_last_round`, `neuron_id`, `active`) VALUES(0, 1226, 0)[0m
  [4;35;1mSQL (0.4ms)[0m   [0mCOMMIT[0m
  [4;36;1mSQL (0.1ms)[0m   [0;1mBEGIN[0m
  [4;35;1mNeuronActivation Update (0.2ms)[0m   [0mUPDATE `neuron_activations` SET `active` = 1 WHERE `id` = 1239[0m
  [4;36;1mSQL (0.8ms)[0m   [0;1mCOMMIT[0m
  [4;35;1mSQL (0.8ms)[0m   [0m UPDATE neuron_activations JOIN neurons ON (neuron_activations.neuron_id = neurons.id) 
 SET neuron_activations.active_last_round = neuron_activations.active, neuron_activations.active = 0 
 WHERE neurons.complexity = 1[0m
  [4;36;1mSQL (0.2ms)[0m   [0;1mSELECT max(`neurons`.complexity) AS max_complexity FROM `neurons` [0m
  [4;35;1mNeuronActivation Load (0.2ms)[0m   [0mSELECT * FROM `neuron_activations` WHERE (`neuron_activations`.`id` = 1239) [0m
  [4;36;1mSQL (0.7ms)[0m   [0;1m UPDATE neuron_activations JOIN neurons ON (neuron_activations.neuron_id = neurons.id) 
 SET neuron_activations.active_last_round = neuron_activations.active, neuron_activations.active = 0 
 WHERE neurons.complexity = 1[0m
  [4;35;1mSQL (0.2ms)[0m   [0mSELECT max(`neurons`.complexity) AS max_complexity FROM `neurons` [0m
  [4;36;1mNeuronActivation Load (0.2ms)[0m   [0;1mSELECT * FROM `neuron_activations` WHERE (`neuron_activations`.`id` = 1239) [0m
  [4;35;1mNeuronActivation Load (0.3ms)[0m   [0mSELECT * FROM `neuron_activations` WHERE (neuron_activations.id >= 0) ORDER BY neuron_activations.id ASC LIMIT 1000[0m
  [4;36;1mSQL (0.1ms)[0m   [0;1mBEGIN[0m
  [4;35;1mSQL (0.1ms)[0m   [0mCOMMIT[0m
  [4;36;1mSQL (0.1ms)[0m   [0;1mBEGIN[0m
  [4;35;1mSQL (0.1ms)[0m   [0mCOMMIT[0m
  [4;36;1mSQL (27.7ms)[0m   [0;1mUPDATE neurons SET neurons.active_up_to = 0[0m
  [4;35;1mNeuron Load (0.4ms)[0m   [0mSELECT * FROM `neurons` [0m
  [4;36;1mSQL (0.2ms)[0m   [0;1mBEGIN[0m
  [4;35;1mNeuron Destroy (0.3ms)[0m   [0mDELETE FROM `neurons` WHERE `id` = 1225[0m
  [4;36;1mSQL (0.5ms)[0m   [0;1mCOMMIT[0m
  [4;35;1mSQL (0.1ms)[0m   [0mBEGIN[0m
  [4;36;1mNeuron Destroy (0.2ms)[0m   [0;1mDELETE FROM `neurons` WHERE `id` = 1226[0m
  [4;35;1mSQL (0.5ms)[0m   [0mCOMMIT[0m
  [4;36;1mPatternMembership Load (0.3ms)[0m   [0;1mSELECT * FROM `pattern_memberships` [0m
  [4;35;1mSQL (0.1ms)[0m   [0mBEGIN[0m
  [4;36;1mPatternMembership Columns (1.5ms)[0m   [0;1mSHOW FIELDS FROM `pattern_memberships`[0m
  [4;35;1mPatternMembership Destroy (0.2ms)[0m   [0mDELETE FROM `pattern_memberships` WHERE `id` = 785[0m
  [4;36;1mSQL (0.5ms)[0m   [0;1mCOMMIT[0m
  [4;35;1mSQL (0.1ms)[0m   [0mBEGIN[0m
  [4;36;1mPatternMembership Destroy (0.2ms)[0m   [0;1mDELETE FROM `pattern_memberships` WHERE `id` = 786[0m
  [4;35;1mSQL (0.7ms)[0m   [0mCOMMIT[0m
  [4;36;1mSQL (0.1ms)[0m   [0;1mBEGIN[0m
  [4;35;1mPatternMembership Destroy (0.3ms)[0m   [0mDELETE FROM `pattern_memberships` WHERE `id` = 787[0m
  [4;36;1mSQL (0.5ms)[0m   [0;1mCOMMIT[0m
  [4;35;1mSQL (0.1ms)[0m   [0mBEGIN[0m
  [4;36;1mPatternMembership Destroy (0.2ms)[0m   [0;1mDELETE FROM `pattern_memberships` WHERE `id` = 788[0m
  [4;35;1mSQL (0.5ms)[0m   [0mCOMMIT[0m
  [4;36;1mSQL (0.1ms)[0m   [0;1mBEGIN[0m
  [4;35;1mPatternMembership Destroy (0.2ms)[0m   [0mDELETE FROM `pattern_memberships` WHERE `id` = 789[0m
  [4;36;1mSQL (0.5ms)[0m   [0;1mCOMMIT[0m
  [4;35;1mSQL (0.1ms)[0m   [0mBEGIN[0m
  [4;36;1mPatternMembership Destroy (0.2ms)[0m   [0;1mDELETE FROM `pattern_memberships` WHERE `id` = 790[0m
  [4;35;1mSQL (0.4ms)[0m   [0mCOMMIT[0m
  [4;36;1mSQL (0.1ms)[0m   [0;1mBEGIN[0m
  [4;35;1mPatternMembership Destroy (0.2ms)[0m   [0mDELETE FROM `pattern_memberships` WHERE `id` = 791[0m
  [4;36;1mSQL (0.4ms)[0m   [0;1mCOMMIT[0m
  [4;35;1mSQL (0.1ms)[0m   [0mBEGIN[0m
  [4;36;1mPatternMembership Destroy (0.3ms)[0m   [0;1mDELETE FROM `pattern_memberships` WHERE `id` = 792[0m
  [4;35;1mSQL (0.6ms)[0m   [0mCOMMIT[0m
  [4;36;1mSQL (0.2ms)[0m   [0;1mBEGIN[0m
  [4;35;1mPatternMembership Destroy (0.2ms)[0m   [0mDELETE FROM `pattern_memberships` WHERE `id` = 793[0m
  [4;36;1mSQL (0.5ms)[0m   [0;1mCOMMIT[0m
  [4;35;1mSQL (0.1ms)[0m   [0mBEGIN[0m
  [4;36;1mPatternMembership Destroy (0.2ms)[0m   [0;1mDELETE FROM `pattern_memberships` WHERE `id` = 794[0m
  [4;35;1mSQL (0.5ms)[0m   [0mCOMMIT[0m
  [4;36;1mSQL (0.2ms)[0m   [0;1mBEGIN[0m
  [4;35;1mPatternMembership Destroy (0.2ms)[0m   [0mDELETE FROM `pattern_memberships` WHERE `id` = 795[0m
  [4;36;1mSQL (0.5ms)[0m   [0;1mCOMMIT[0m
  [4;35;1mSQL (0.1ms)[0m   [0mBEGIN[0m
  [4;36;1mPatternMembership Destroy (0.4ms)[0m   [0;1mDELETE FROM `pattern_memberships` WHERE `id` = 796[0m
  [4;35;1mSQL (0.5ms)[0m   [0mCOMMIT[0m
  [4;36;1mSQL (0.1ms)[0m   [0;1mBEGIN[0m
  [4;35;1mPatternMembership Destroy (0.2ms)[0m   [0mDELETE FROM `pattern_memberships` WHERE `id` = 797[0m
  [4;36;1mSQL (0.5ms)[0m   [0;1mCOMMIT[0m
  [4;35;1mSQL (0.1ms)[0m   [0mBEGIN[0m
  [4;36;1mPatternMembership Destroy (0.2ms)[0m   [0;1mDELETE FROM `pattern_memberships` WHERE `id` = 798[0m
  [4;35;1mSQL (0.5ms)[0m   [0mCOMMIT[0m
  [4;36;1mSQL (0.1ms)[0m   [0;1mBEGIN[0m
  [4;35;1mPatternMembership Destroy (0.2ms)[0m   [0mDELETE FROM `pattern_memberships` WHERE `id` = 799[0m
  [4;36;1mSQL (0.5ms)[0m   [0;1mCOMMIT[0m
  [4;35;1mSQL (0.1ms)[0m   [0mBEGIN[0m
  [4;36;1mPatternMembership Destroy (0.2ms)[0m   [0;1mDELETE FROM `pattern_memberships` WHERE `id` = 800[0m
  [4;35;1mSQL (0.7ms)[0m   [0mCOMMIT[0m
  [4;36;1mSQL (0.1ms)[0m   [0;1mBEGIN[0m
  [4;35;1mPatternMembership Destroy (0.2ms)[0m   [0mDELETE FROM `pattern_memberships` WHERE `id` = 801[0m
  [4;36;1mSQL (0.5ms)[0m   [0;1mCOMMIT[0m
  [4;35;1mSQL (0.1ms)[0m   [0mBEGIN[0m
  [4;36;1mPatternMembership Destroy (0.2ms)[0m   [0;1mDELETE FROM `pattern_memberships` WHERE `id` = 802[0m
  [4;35;1mSQL (0.6ms)[0m   [0mCOMMIT[0m
  [4;36;1mSQL (0.1ms)[0m   [0;1mBEGIN[0m
  [4;35;1mNeuron Load (0.3ms)[0m   [0mSELECT `neurons`.id FROM `neurons` WHERE (`neurons`.`all_children_ids` = BINARY '') LIMIT 1[0m
  [4;36;1mNeuron Load (0.2ms)[0m   [0;1mSELECT `neurons`.id FROM `neurons` WHERE (`neurons`.`input_char` = BINARY 'a') LIMIT 1[0m
  [4;35;1mNeuron Create (0.2ms)[0m   [0mINSERT INTO `neurons` (`input_char`, `strength`, `all_children_ids`, `active_up_to`, `complexity`) VALUES('a', 0, '--- []\n\n', 0, 1)[0m
  [4;36;1mNeuronActivation Create (0.2ms)[0m   [0;1mINSERT INTO `neuron_activations` (`active_last_round`, `neuron_id`, `active`) VALUES(0, 1227, 0)[0m
  [4;35;1mSQL (0.5ms)[0m   [0mCOMMIT[0m
  [4;36;1mSQL (0.1ms)[0m   [0;1mBEGIN[0m
  [4;35;1mNeuron Load (0.2ms)[0m   [0mSELECT `neurons`.id FROM `neurons` WHERE (`neurons`.`all_children_ids` = BINARY '') LIMIT 1[0m
  [4;36;1mNeuron Load (0.2ms)[0m   [0;1mSELECT `neurons`.id FROM `neurons` WHERE (`neurons`.`input_char` = BINARY 'b') LIMIT 1[0m
  [4;35;1mNeuron Create (0.2ms)[0m   [0mINSERT INTO `neurons` (`input_char`, `strength`, `all_children_ids`, `active_up_to`, `complexity`) VALUES('b', 0, '--- []\n\n', 0, 1)[0m
  [4;36;1mNeuronActivation Create (0.2ms)[0m   [0;1mINSERT INTO `neuron_activations` (`active_last_round`, `neuron_id`, `active`) VALUES(0, 1228, 0)[0m
  [4;35;1mSQL (0.5ms)[0m   [0mCOMMIT[0m
  [4;36;1mSQL (0.1ms)[0m   [0;1mBEGIN[0m
  [4;35;1mPatternMembership Load (0.4ms)[0m   [0mSELECT `pattern_memberships`.id FROM `pattern_memberships` WHERE (`pattern_memberships`.`sort_order` = 0 AND `pattern_memberships`.parent_id IS NULL) LIMIT 1[0m
  [4;36;1mPatternMembership Load (0.2ms)[0m   [0;1mSELECT `pattern_memberships`.id FROM `pattern_memberships` WHERE (`pattern_memberships`.`sort_order` = 1 AND `pattern_memberships`.parent_id IS NULL) LIMIT 1[0m
  [4;35;1mNeuron Load (0.2ms)[0m   [0mSELECT `neurons`.id FROM `neurons` WHERE (`neurons`.`all_children_ids` = BINARY '12271228') LIMIT 1[0m
  [4;36;1mNeuron Load (0.1ms)[0m   [0;1mSELECT `neurons`.id FROM `neurons` WHERE (`neurons`.`input_char` IS NULL) LIMIT 1[0m
  [4;35;1mNeuron Create (0.2ms)[0m   [0mINSERT INTO `neurons` (`input_char`, `strength`, `all_children_ids`, `active_up_to`, `complexity`) VALUES(NULL, 0, '--- \n- 1227\n- 1228\n', 0, 2)[0m
  [4;36;1mPatternMembership Load (0.2ms)[0m   [0;1mSELECT `pattern_memberships`.id FROM `pattern_memberships` WHERE (`pattern_memberships`.`sort_order` = 0 AND `pattern_memberships`.parent_id = 1229) LIMIT 1[0m
  [4;35;1mPatternMembership Create (0.1ms)[0m   [0mINSERT INTO `pattern_memberships` (`sort_order`, `parent_id`, `child_id`) VALUES(0, 1229, 1227)[0m
  [4;36;1mPatternMembership Load (0.2ms)[0m   [0;1mSELECT `pattern_memberships`.id FROM `pattern_memberships` WHERE (`pattern_memberships`.`sort_order` = 1 AND `pattern_memberships`.parent_id = 1229) LIMIT 1[0m
  [4;35;1mPatternMembership Create (0.1ms)[0m   [0mINSERT INTO `pattern_memberships` (`sort_order`, `parent_id`, `child_id`) VALUES(1, 1229, 1228)[0m
  [4;36;1mNeuronActivation Create (0.1ms)[0m   [0;1mINSERT INTO `neuron_activations` (`active_last_round`, `neuron_id`, `active`) VALUES(0, 1229, 0)[0m
  [4;35;1mSQL (0.4ms)[0m   [0mCOMMIT[0m
  [4;36;1mSQL (0.8ms)[0m   [0;1m UPDATE neuron_activations JOIN neurons ON (neuron_activations.neuron_id = neurons.id) 
 SET neuron_activations.active_last_round = neuron_activations.active, neuron_activations.active = 0 
 WHERE neurons.complexity = 1[0m
  [4;35;1mNeuron Load (0.2ms)[0m   [0mSELECT * FROM `neurons` WHERE (`neurons`.`input_char` = 'a') LIMIT 1[0m
  [4;36;1mNeuronActivation Load (0.2ms)[0m   [0;1mSELECT * FROM `neuron_activations` WHERE (`neuron_activations`.neuron_id = 1227) LIMIT 1[0m
  [4;35;1mSQL (0.1ms)[0m   [0mBEGIN[0m
  [4;36;1mNeuronActivation Update (0.2ms)[0m   [0;1mUPDATE `neuron_activations` SET `active` = 1 WHERE `id` = 1240[0m
  [4;35;1mSQL (0.5ms)[0m   [0mCOMMIT[0m
  [4;36;1mSQL (0.2ms)[0m   [0;1mSELECT max(`neurons`.complexity) AS max_complexity FROM `neurons` [0m
  [4;35;1mSQL (0.6ms)[0m   [0m UPDATE neuron_activations JOIN neurons ON (neuron_activations.neuron_id = neurons.id) 
 SET neuron_activations.active_last_round = neuron_activations.active, neuron_activations.active = 0 
 WHERE neurons.complexity = 2[0m
  [4;36;1mSQL (0.3ms)[0m   [0;1mSELECT count(*) AS count_all FROM `neurons` JOIN pattern_memberships ON (pattern_memberships.parent_id = neurons.id AND pattern_memberships.sort_order = neurons.active_up_to)
 JOIN neurons AS children ON (pattern_memberships.child_id = children.id)
 JOIN neuron_activations as child_activations ON (child_activations.neuron_id = children.id) WHERE ((child_activations.active = 1) AND (`neurons`.`complexity` = 2)) [0m
  [4;35;1mNeuron Load (0.3ms)[0m   [0mSELECT `neurons`.* FROM `neurons` JOIN pattern_memberships ON (pattern_memberships.parent_id = neurons.id AND pattern_memberships.sort_order = neurons.active_up_to)
 JOIN neurons AS children ON (pattern_memberships.child_id = children.id)
 JOIN neuron_activations as child_activations ON (child_activations.neuron_id = children.id) WHERE ((child_activations.active = 1) AND (`neurons`.`complexity` = 2)) [0m
  [4;36;1mPatternMembership Load (0.3ms)[0m   [0;1mSELECT * FROM `pattern_memberships` WHERE (`pattern_memberships`.parent_id = 1229) ORDER BY sort_order[0m
  [4;35;1mNeuron Load (0.2ms)[0m   [0mSELECT * FROM `neurons` WHERE (`neurons`.`id` IN (1227,1228)) [0m
  [4;36;1mPatternMembership Load (0.2ms)[0m   [0;1mSELECT * FROM `pattern_memberships` WHERE (`pattern_memberships`.parent_id = 1229) ORDER BY sort_order[0m
  [4;35;1mNeuron Load (0.2ms)[0m   [0mSELECT * FROM `neurons` WHERE (`neurons`.`id` IN (1227,1228)) [0m
  [4;36;1mNeuronActivation Load (0.2ms)[0m   [0;1mSELECT * FROM `neuron_activations` WHERE (`neuron_activations`.neuron_id = 1227) LIMIT 1[0m
  [4;35;1mSQL (0.2ms)[0m   [0mSELECT count(*) AS count_all FROM `pattern_memberships` WHERE (`pattern_memberships`.parent_id = 1229) [0m
  [4;36;1mSQL (0.1ms)[0m   [0;1mBEGIN[0m
  [4;35;1mNeuron Update (0.2ms)[0m   [0mUPDATE `neurons` SET `active_up_to` = 1, `all_children_ids` = '--- \n- 1227\n- 1228\n' WHERE `id` = 1229[0m
  [4;36;1mSQL (0.5ms)[0m   [0;1mCOMMIT[0m
  [4;35;1mNeuron Load (0.2ms)[0m   [0mSELECT * FROM `neurons` WHERE (`neurons`.`id` = 1227) [0m
  [4;36;1mNeuron Load (0.2ms)[0m   [0;1mSELECT * FROM `neurons` WHERE (`neurons`.`id` = 1228) [0m
  [4;35;1mNeuron Load (0.2ms)[0m   [0mSELECT * FROM `neurons` WHERE (`neurons`.`id` = 1229) [0m
  [4;36;1mNeuronActivation Load (0.2ms)[0m   [0;1mSELECT * FROM `neuron_activations` WHERE (`neuron_activations`.neuron_id = 1227) LIMIT 1[0m
  [4;35;1mNeuronActivation Load (0.2ms)[0m   [0mSELECT * FROM `neuron_activations` WHERE (`neuron_activations`.neuron_id = 1228) LIMIT 1[0m
  [4;36;1mNeuronActivation Load (0.2ms)[0m   [0;1mSELECT * FROM `neuron_activations` WHERE (`neuron_activations`.neuron_id = 1229) LIMIT 1[0m
  [4;35;1mSQL (0.7ms)[0m   [0m UPDATE neuron_activations JOIN neurons ON (neuron_activations.neuron_id = neurons.id) 
 SET neuron_activations.active_last_round = neuron_activations.active, neuron_activations.active = 0 
 WHERE neurons.complexity = 1[0m
  [4;36;1mNeuron Load (0.2ms)[0m   [0;1mSELECT * FROM `neurons` WHERE (`neurons`.`input_char` = 'b') LIMIT 1[0m
  [4;35;1mNeuronActivation Load (0.2ms)[0m   [0mSELECT * FROM `neuron_activations` WHERE (`neuron_activations`.neuron_id = 1228) LIMIT 1[0m
  [4;36;1mSQL (0.1ms)[0m   [0;1mBEGIN[0m
  [4;35;1mNeuronActivation Update (0.1ms)[0m   [0mUPDATE `neuron_activations` SET `active` = 1 WHERE `id` = 1241[0m
  [4;36;1mSQL (0.5ms)[0m   [0;1mCOMMIT[0m
  [4;35;1mSQL (0.2ms)[0m   [0mSELECT max(`neurons`.complexity) AS max_complexity FROM `neurons` [0m
  [4;36;1mSQL (0.6ms)[0m   [0;1m UPDATE neuron_activations JOIN neurons ON (neuron_activations.neuron_id = neurons.id) 
 SET neuron_activations.active_last_round = neuron_activations.active, neuron_activations.active = 0 
 WHERE neurons.complexity = 2[0m
  [4;35;1mSQL (0.3ms)[0m   [0mSELECT count(*) AS count_all FROM `neurons` JOIN pattern_memberships ON (pattern_memberships.parent_id = neurons.id AND pattern_memberships.sort_order = neurons.active_up_to)
 JOIN neurons AS children ON (pattern_memberships.child_id = children.id)
 JOIN neuron_activations as child_activations ON (child_activations.neuron_id = children.id) WHERE ((child_activations.active = 1) AND (`neurons`.`complexity` = 2)) [0m
  [4;36;1mNeuron Load (0.3ms)[0m   [0;1mSELECT `neurons`.* FROM `neurons` JOIN pattern_memberships ON (pattern_memberships.parent_id = neurons.id AND pattern_memberships.sort_order = neurons.active_up_to)
 JOIN neurons AS children ON (pattern_memberships.child_id = children.id)
 JOIN neuron_activations as child_activations ON (child_activations.neuron_id = children.id) WHERE ((child_activations.active = 1) AND (`neurons`.`complexity` = 2)) [0m
  [4;35;1mPatternMembership Load (0.3ms)[0m   [0mSELECT * FROM `pattern_memberships` WHERE (`pattern_memberships`.parent_id = 1229) ORDER BY sort_order[0m
  [4;36;1mNeuron Load (0.2ms)[0m   [0;1mSELECT * FROM `neurons` WHERE (`neurons`.`id` IN (1227,1228)) [0m
  [4;35;1mPatternMembership Load (0.2ms)[0m   [0mSELECT * FROM `pattern_memberships` WHERE (`pattern_memberships`.parent_id = 1229) ORDER BY sort_order[0m
  [4;36;1mNeuron Load (0.2ms)[0m   [0;1mSELECT * FROM `neurons` WHERE (`neurons`.`id` IN (1227,1228)) [0m
  [4;35;1mNeuronActivation Load (0.2ms)[0m   [0mSELECT * FROM `neuron_activations` WHERE (`neuron_activations`.neuron_id = 1228) LIMIT 1[0m
  [4;36;1mSQL (0.2ms)[0m   [0;1mSELECT count(*) AS count_all FROM `pattern_memberships` WHERE (`pattern_memberships`.parent_id = 1229) [0m
  [4;35;1mNeuronActivation Load (0.2ms)[0m   [0mSELECT * FROM `neuron_activations` WHERE (`neuron_activations`.neuron_id = 1229) LIMIT 1[0m
  [4;36;1mSQL (0.1ms)[0m   [0;1mBEGIN[0m
  [4;35;1mNeuronActivation Update (0.1ms)[0m   [0mUPDATE `neuron_activations` SET `active` = 1 WHERE `id` = 1242[0m
  [4;36;1mSQL (0.5ms)[0m   [0;1mCOMMIT[0m
  [4;35;1mSQL (0.1ms)[0m   [0mBEGIN[0m
  [4;36;1mNeuron Update (0.2ms)[0m   [0;1mUPDATE `neurons` SET `active_up_to` = 0, `all_children_ids` = '--- \n- 1227\n- 1228\n' WHERE `id` = 1229[0m
  [4;35;1mSQL (0.5ms)[0m   [0mCOMMIT[0m
  [4;36;1mNeuron Load (0.2ms)[0m   [0;1mSELECT * FROM `neurons` WHERE (`neurons`.`id` = 1227) [0m
  [4;35;1mNeuron Load (0.2ms)[0m   [0mSELECT * FROM `neurons` WHERE (`neurons`.`id` = 1228) [0m
  [4;36;1mNeuron Load (0.2ms)[0m   [0;1mSELECT * FROM `neurons` WHERE (`neurons`.`id` = 1229) [0m
  [4;35;1mNeuronActivation Load (0.2ms)[0m   [0mSELECT * FROM `neuron_activations` WHERE (`neuron_activations`.neuron_id = 1227) LIMIT 1[0m
  [4;36;1mNeuronActivation Load (0.2ms)[0m   [0;1mSELECT * FROM `neuron_activations` WHERE (`neuron_activations`.neuron_id = 1228) LIMIT 1[0m
  [4;35;1mNeuronActivation Load (0.2ms)[0m   [0mSELECT * FROM `neuron_activations` WHERE (`neuron_activations`.neuron_id = 1229) LIMIT 1[0m
  [4;36;1mSQL (0.7ms)[0m   [0;1m UPDATE neuron_activations JOIN neurons ON (neuron_activations.neuron_id = neurons.id) 
 SET neuron_activations.active_last_round = neuron_activations.active, neuron_activations.active = 0 
 WHERE neurons.complexity = 1[0m
  [4;35;1mNeuron Load (0.2ms)[0m   [0mSELECT * FROM `neurons` WHERE (`neurons`.`input_char` = 'a') LIMIT 1[0m
  [4;36;1mNeuronActivation Load (0.2ms)[0m   [0;1mSELECT * FROM `neuron_activations` WHERE (`neuron_activations`.neuron_id = 1227) LIMIT 1[0m
  [4;35;1mSQL (0.1ms)[0m   [0mBEGIN[0m
  [4;36;1mNeuronActivation Update (0.1ms)[0m   [0;1mUPDATE `neuron_activations` SET `active` = 1 WHERE `id` = 1240[0m
  [4;35;1mSQL (0.5ms)[0m   [0mCOMMIT[0m
  [4;36;1mSQL (0.1ms)[0m   [0;1mSELECT max(`neurons`.complexity) AS max_complexity FROM `neurons` [0m
  [4;35;1mSQL (0.6ms)[0m   [0m UPDATE neuron_activations JOIN neurons ON (neuron_activations.neuron_id = neurons.id) 
 SET neuron_activations.active_last_round = neuron_activations.active, neuron_activations.active = 0 
 WHERE neurons.complexity = 2[0m
  [4;36;1mSQL (0.3ms)[0m   [0;1mSELECT count(*) AS count_all FROM `neurons` JOIN pattern_memberships ON (pattern_memberships.parent_id = neurons.id AND pattern_memberships.sort_order = neurons.active_up_to)
 JOIN neurons AS children ON (pattern_memberships.child_id = children.id)
 JOIN neuron_activations as child_activations ON (child_activations.neuron_id = children.id) WHERE ((child_activations.active = 1) AND (`neurons`.`complexity` = 2)) [0m
  [4;35;1mNeuron Load (0.3ms)[0m   [0mSELECT `neurons`.* FROM `neurons` JOIN pattern_memberships ON (pattern_memberships.parent_id = neurons.id AND pattern_memberships.sort_order = neurons.active_up_to)
 JOIN neurons AS children ON (pattern_memberships.child_id = children.id)
 JOIN neuron_activations as child_activations ON (child_activations.neuron_id = children.id) WHERE ((child_activations.active = 1) AND (`neurons`.`complexity` = 2)) [0m
  [4;36;1mPatternMembership Load (0.2ms)[0m   [0;1mSELECT * FROM `pattern_memberships` WHERE (`pattern_memberships`.parent_id = 1229) ORDER BY sort_order[0m
  [4;35;1mNeuron Load (0.2ms)[0m   [0mSELECT * FROM `neurons` WHERE (`neurons`.`id` IN (1227,1228)) [0m
  [4;36;1mPatternMembership Load (0.2ms)[0m   [0;1mSELECT * FROM `pattern_memberships` WHERE (`pattern_memberships`.parent_id = 1229) ORDER BY sort_order[0m
  [4;35;1mNeuron Load (0.2ms)[0m   [0mSELECT * FROM `neurons` WHERE (`neurons`.`id` IN (1227,1228)) [0m
  [4;36;1mNeuronActivation Load (0.2ms)[0m   [0;1mSELECT * FROM `neuron_activations` WHERE (`neuron_activations`.neuron_id = 1227) LIMIT 1[0m
  [4;35;1mSQL (0.2ms)[0m   [0mSELECT count(*) AS count_all FROM `pattern_memberships` WHERE (`pattern_memberships`.parent_id = 1229) [0m
  [4;36;1mSQL (0.1ms)[0m   [0;1mBEGIN[0m
  [4;35;1mNeuron Update (0.2ms)[0m   [0mUPDATE `neurons` SET `active_up_to` = 1, `all_children_ids` = '--- \n- 1227\n- 1228\n' WHERE `id` = 1229[0m
  [4;36;1mSQL (0.7ms)[0m   [0;1mCOMMIT[0m
  [4;35;1mNeuron Load (0.2ms)[0m   [0mSELECT * FROM `neurons` WHERE (`neurons`.`id` = 1227) [0m
  [4;36;1mNeuron Load (0.2ms)[0m   [0;1mSELECT * FROM `neurons` WHERE (`neurons`.`id` = 1228) [0m
  [4;35;1mNeuron Load (0.2ms)[0m   [0mSELECT * FROM `neurons` WHERE (`neurons`.`id` = 1229) [0m
  [4;36;1mNeuronActivation Load (0.2ms)[0m   [0;1mSELECT * FROM `neuron_activations` WHERE (`neuron_activations`.neuron_id = 1227) LIMIT 1[0m
  [4;35;1mNeuronActivation Load (0.2ms)[0m   [0mSELECT * FROM `neuron_activations` WHERE (`neuron_activations`.neuron_id = 1228) LIMIT 1[0m
  [4;36;1mNeuronActivation Load (0.2ms)[0m   [0;1mSELECT * FROM `neuron_activations` WHERE (`neuron_activations`.neuron_id = 1229) LIMIT 1[0m
  [4;35;1mNeuron Load (0.2ms)[0m   [0mSELECT * FROM `neurons` [0m
  [4;36;1mSQL (0.1ms)[0m   [0;1mBEGIN[0m
  [4;35;1mNeuron Destroy (0.1ms)[0m   [0mDELETE FROM `neurons` WHERE `id` = 1227[0m
  [4;36;1mSQL (0.8ms)[0m   [0;1mCOMMIT[0m
  [4;35;1mSQL (0.1ms)[0m   [0mBEGIN[0m
  [4;36;1mNeuron Destroy (0.1ms)[0m   [0;1mDELETE FROM `neurons` WHERE `id` = 1228[0m
  [4;35;1mSQL (0.4ms)[0m   [0mCOMMIT[0m
  [4;36;1mSQL (0.2ms)[0m   [0;1mBEGIN[0m
  [4;35;1mNeuron Destroy (0.2ms)[0m   [0mDELETE FROM `neurons` WHERE `id` = 1229[0m
  [4;36;1mSQL (0.5ms)[0m   [0;1mCOMMIT[0m
  [4;35;1mNeuronActivation Load (0.2ms)[0m   [0mSELECT * FROM `neuron_activations` [0m
  [4;36;1mSQL (0.1ms)[0m   [0;1mBEGIN[0m
  [4;35;1mNeuronActivation Destroy (0.1ms)[0m   [0mDELETE FROM `neuron_activations` WHERE `id` = 1238[0m
  [4;36;1mSQL (0.4ms)[0m   [0;1mCOMMIT[0m
  [4;35;1mSQL (0.1ms)[0m   [0mBEGIN[0m
  [4;36;1mNeuronActivation Destroy (0.2ms)[0m   [0;1mDELETE FROM `neuron_activations` WHERE `id` = 1239[0m
  [4;35;1mSQL (0.5ms)[0m   [0mCOMMIT[0m
  [4;36;1mSQL (0.1ms)[0m   [0;1mBEGIN[0m
  [4;35;1mNeuronActivation Destroy (0.1ms)[0m   [0mDELETE FROM `neuron_activations` WHERE `id` = 1240[0m
  [4;36;1mSQL (0.5ms)[0m   [0;1mCOMMIT[0m
  [4;35;1mSQL (0.1ms)[0m   [0mBEGIN[0m
  [4;36;1mNeuronActivation Destroy (0.1ms)[0m   [0;1mDELETE FROM `neuron_activations` WHERE `id` = 1241[0m
  [4;35;1mSQL (0.4ms)[0m   [0mCOMMIT[0m
  [4;36;1mSQL (0.1ms)[0m   [0;1mBEGIN[0m
  [4;35;1mNeuronActivation Destroy (0.1ms)[0m   [0mDELETE FROM `neuron_activations` WHERE `id` = 1242[0m
  [4;36;1mSQL (0.5ms)[0m   [0;1mCOMMIT[0m
  [4;35;1mSQL (0.1ms)[0m   [0mBEGIN[0m
  [4;36;1mNeuron Load (0.2ms)[0m   [0;1mSELECT `neurons`.id FROM `neurons` WHERE (`neurons`.`all_children_ids` = BINARY '') LIMIT 1[0m
  [4;35;1mNeuron Load (0.1ms)[0m   [0mSELECT `neurons`.id FROM `neurons` WHERE (`neurons`.`input_char` = BINARY 'a') LIMIT 1[0m
  [4;36;1mNeuron Create (0.1ms)[0m   [0;1mINSERT INTO `neurons` (`input_char`, `strength`, `all_children_ids`, `active_up_to`, `complexity`) VALUES('a', 0, '--- []\n\n', 0, 1)[0m
  [4;35;1mNeuronActivation Create (0.1ms)[0m   [0mINSERT INTO `neuron_activations` (`active_last_round`, `neuron_id`, `active`) VALUES(0, 1230, 0)[0m
  [4;36;1mSQL (0.5ms)[0m   [0;1mCOMMIT[0m
  [4;35;1mSQL (0.1ms)[0m   [0mBEGIN[0m
  [4;36;1mNeuron Load (0.2ms)[0m   [0;1mSELECT `neurons`.id FROM `neurons` WHERE (`neurons`.`all_children_ids` = BINARY '') LIMIT 1[0m
  [4;35;1mNeuron Load (0.1ms)[0m   [0mSELECT `neurons`.id FROM `neurons` WHERE (`neurons`.`input_char` = BINARY 'b') LIMIT 1[0m
  [4;36;1mNeuron Create (0.1ms)[0m   [0;1mINSERT INTO `neurons` (`input_char`, `strength`, `all_children_ids`, `active_up_to`, `complexity`) VALUES('b', 0, '--- []\n\n', 0, 1)[0m
  [4;35;1mNeuronActivation Create (0.1ms)[0m   [0mINSERT INTO `neuron_activations` (`active_last_round`, `neuron_id`, `active`) VALUES(0, 1231, 0)[0m
  [4;36;1mSQL (0.5ms)[0m   [0;1mCOMMIT[0m
  [4;35;1mSQL (0.1ms)[0m   [0mBEGIN[0m
  [4;36;1mPatternMembership Load (0.2ms)[0m   [0;1mSELECT `pattern_memberships`.id FROM `pattern_memberships` WHERE (`pattern_memberships`.`sort_order` = 0 AND `pattern_memberships`.parent_id IS NULL) LIMIT 1[0m
  [4;35;1mPatternMembership Load (0.2ms)[0m   [0mSELECT `pattern_memberships`.id FROM `pattern_memberships` WHERE (`pattern_memberships`.`sort_order` = 1 AND `pattern_memberships`.parent_id IS NULL) LIMIT 1[0m
  [4;36;1mNeuron Load (0.1ms)[0m   [0;1mSELECT `neurons`.id FROM `neurons` WHERE (`neurons`.`all_children_ids` = BINARY '12301231') LIMIT 1[0m
  [4;35;1mNeuron Load (0.1ms)[0m   [0mSELECT `neurons`.id FROM `neurons` WHERE (`neurons`.`input_char` IS NULL) LIMIT 1[0m
  [4;36;1mNeuron Create (0.1ms)[0m   [0;1mINSERT INTO `neurons` (`input_char`, `strength`, `all_children_ids`, `active_up_to`, `complexity`) VALUES(NULL, 0, '--- \n- 1230\n- 1231\n', 0, 2)[0m
  [4;35;1mPatternMembership Load (0.2ms)[0m   [0mSELECT `pattern_memberships`.id FROM `pattern_memberships` WHERE (`pattern_memberships`.`sort_order` = 0 AND `pattern_memberships`.parent_id = 1232) LIMIT 1[0m
  [4;36;1mPatternMembership Create (0.1ms)[0m   [0;1mINSERT INTO `pattern_memberships` (`sort_order`, `parent_id`, `child_id`) VALUES(0, 1232, 1230)[0m
  [4;35;1mPatternMembership Load (0.2ms)[0m   [0mSELECT `pattern_memberships`.id FROM `pattern_memberships` WHERE (`pattern_memberships`.`sort_order` = 1 AND `pattern_memberships`.parent_id = 1232) LIMIT 1[0m
  [4;36;1mPatternMembership Create (0.2ms)[0m   [0;1mINSERT INTO `pattern_memberships` (`sort_order`, `parent_id`, `child_id`) VALUES(1, 1232, 1231)[0m
  [4;35;1mNeuronActivation Create (0.2ms)[0m   [0mINSERT INTO `neuron_activations` (`active_last_round`, `neuron_id`, `active`) VALUES(0, 1232, 0)[0m
  [4;36;1mSQL (0.5ms)[0m   [0;1mCOMMIT[0m
  [4;35;1mSQL (0.1ms)[0m   [0mBEGIN[0m
  [4;36;1mPatternMembership Load (0.2ms)[0m   [0;1mSELECT `pattern_memberships`.id FROM `pattern_memberships` WHERE (`pattern_memberships`.`sort_order` = 0 AND `pattern_memberships`.parent_id IS NULL) LIMIT 1[0m
  [4;35;1mPatternMembership Load (0.2ms)[0m   [0mSELECT `pattern_memberships`.id FROM `pattern_memberships` WHERE (`pattern_memberships`.`sort_order` = 1 AND `pattern_memberships`.parent_id IS NULL) LIMIT 1[0m
  [4;36;1mPatternMembership Load (0.2ms)[0m   [0;1mSELECT `pattern_memberships`.id FROM `pattern_memberships` WHERE (`pattern_memberships`.`sort_order` = 2 AND `pattern_memberships`.parent_id IS NULL) LIMIT 1[0m
  [4;35;1mNeuron Load (0.2ms)[0m   [0mSELECT `neurons`.id FROM `neurons` WHERE (`neurons`.`all_children_ids` = BINARY '123012311232') LIMIT 1[0m
  [4;36;1mNeuron Load (0.1ms)[0m   [0;1mSELECT `neurons`.id FROM `neurons` WHERE (`neurons`.`input_char` IS NULL) LIMIT 1[0m
  [4;35;1mSQL (0.1ms)[0m   [0mROLLBACK[0m
  [4;36;1mNeuron Load (0.2ms)[0m   [0;1mSELECT * FROM `neurons` [0m
  [4;35;1mSQL (0.1ms)[0m   [0mBEGIN[0m
  [4;36;1mNeuron Destroy (0.2ms)[0m   [0;1mDELETE FROM `neurons` WHERE `id` = 1230[0m
  [4;35;1mSQL (0.6ms)[0m   [0mCOMMIT[0m
  [4;36;1mSQL (0.1ms)[0m   [0;1mBEGIN[0m
  [4;35;1mNeuron Destroy (0.1ms)[0m   [0mDELETE FROM `neurons` WHERE `id` = 1231[0m
  [4;36;1mSQL (0.5ms)[0m   [0;1mCOMMIT[0m
  [4;35;1mSQL (0.2ms)[0m   [0mBEGIN[0m
  [4;36;1mNeuron Destroy (0.1ms)[0m   [0;1mDELETE FROM `neurons` WHERE `id` = 1232[0m
  [4;35;1mSQL (0.4ms)[0m   [0mCOMMIT[0m
  [4;36;1mNeuronActivation Load (0.2ms)[0m   [0;1mSELECT * FROM `neuron_activations` [0m
  [4;35;1mSQL (0.1ms)[0m   [0mBEGIN[0m
  [4;36;1mNeuronActivation Destroy (0.2ms)[0m   [0;1mDELETE FROM `neuron_activations` WHERE `id` = 1243[0m
  [4;35;1mSQL (0.7ms)[0m   [0mCOMMIT[0m
  [4;36;1mSQL (0.1ms)[0m   [0;1mBEGIN[0m
  [4;35;1mNeuronActivation Destroy (0.1ms)[0m   [0mDELETE FROM `neuron_activations` WHERE `id` = 1244[0m
  [4;36;1mSQL (0.5ms)[0m   [0;1mCOMMIT[0m
  [4;35;1mSQL (0.1ms)[0m   [0mBEGIN[0m
  [4;36;1mNeuronActivation Destroy (0.1ms)[0m   [0;1mDELETE FROM `neuron_activations` WHERE `id` = 1245[0m
  [4;35;1mSQL (0.4ms)[0m   [0mCOMMIT[0m
  [4;36;1mSQL (0.1ms)[0m   [0;1mBEGIN[0m
  [4;35;1mNeuron Load (0.2ms)[0m   [0mSELECT `neurons`.id FROM `neurons` WHERE (`neurons`.`all_children_ids` = BINARY '') LIMIT 1[0m
  [4;36;1mNeuron Load (0.1ms)[0m   [0;1mSELECT `neurons`.id FROM `neurons` WHERE (`neurons`.`input_char` = BINARY 'a') LIMIT 1[0m
  [4;35;1mNeuron Create (0.2ms)[0m   [0mINSERT INTO `neurons` (`input_char`, `strength`, `all_children_ids`, `active_up_to`, `complexity`) VALUES('a', 0, '--- []\n\n', 0, 1)[0m
  [4;36;1mNeuronActivation Create (0.2ms)[0m   [0;1mINSERT INTO `neuron_activations` (`active_last_round`, `neuron_id`, `active`) VALUES(0, 1233, 0)[0m
  [4;35;1mSQL (0.5ms)[0m   [0mCOMMIT[0m
  [4;36;1mSQL (0.1ms)[0m   [0;1mBEGIN[0m
  [4;35;1mNeuron Load (0.2ms)[0m   [0mSELECT `neurons`.id FROM `neurons` WHERE (`neurons`.`all_children_ids` = BINARY '') LIMIT 1[0m
  [4;36;1mNeuron Load (0.1ms)[0m   [0;1mSELECT `neurons`.id FROM `neurons` WHERE (`neurons`.`input_char` = BINARY 'b') LIMIT 1[0m
  [4;35;1mNeuron Create (0.1ms)[0m   [0mINSERT INTO `neurons` (`input_char`, `strength`, `all_children_ids`, `active_up_to`, `complexity`) VALUES('b', 0, '--- []\n\n', 0, 1)[0m
  [4;36;1mNeuronActivation Create (0.1ms)[0m   [0;1mINSERT INTO `neuron_activations` (`active_last_round`, `neuron_id`, `active`) VALUES(0, 1234, 0)[0m
  [4;35;1mSQL (0.5ms)[0m   [0mCOMMIT[0m
  [4;36;1mSQL (0.1ms)[0m   [0;1mBEGIN[0m
  [4;35;1mNeuron Load (0.2ms)[0m   [0mSELECT `neurons`.id FROM `neurons` WHERE (`neurons`.`all_children_ids` = BINARY '') LIMIT 1[0m
  [4;36;1mNeuron Load (0.1ms)[0m   [0;1mSELECT `neurons`.id FROM `neurons` WHERE (`neurons`.`input_char` = BINARY 'c') LIMIT 1[0m
  [4;35;1mNeuron Create (0.1ms)[0m   [0mINSERT INTO `neurons` (`input_char`, `strength`, `all_children_ids`, `active_up_to`, `complexity`) VALUES('c', 0, '--- []\n\n', 0, 1)[0m
  [4;36;1mNeuronActivation Create (0.1ms)[0m   [0;1mINSERT INTO `neuron_activations` (`active_last_round`, `neuron_id`, `active`) VALUES(0, 1235, 0)[0m
  [4;35;1mSQL (0.5ms)[0m   [0mCOMMIT[0m
  [4;36;1mSQL (0.1ms)[0m   [0;1mBEGIN[0m
  [4;35;1mPatternMembership Load (0.2ms)[0m   [0mSELECT `pattern_memberships`.id FROM `pattern_memberships` WHERE (`pattern_memberships`.`sort_order` = 0 AND `pattern_memberships`.parent_id IS NULL) LIMIT 1[0m
  [4;36;1mPatternMembership Load (0.2ms)[0m   [0;1mSELECT `pattern_memberships`.id FROM `pattern_memberships` WHERE (`pattern_memberships`.`sort_order` = 1 AND `pattern_memberships`.parent_id IS NULL) LIMIT 1[0m
  [4;35;1mPatternMembership Load (0.1ms)[0m   [0mSELECT `pattern_memberships`.id FROM `pattern_memberships` WHERE (`pattern_memberships`.`sort_order` = 2 AND `pattern_memberships`.parent_id IS NULL) LIMIT 1[0m
  [4;36;1mNeuron Load (0.1ms)[0m   [0;1mSELECT `neurons`.id FROM `neurons` WHERE (`neurons`.`all_children_ids` = BINARY '123312341235') LIMIT 1[0m
  [4;35;1mNeuron Load (0.1ms)[0m   [0mSELECT `neurons`.id FROM `neurons` WHERE (`neurons`.`input_char` IS NULL) LIMIT 1[0m
  [4;36;1mNeuron Create (0.2ms)[0m   [0;1mINSERT INTO `neurons` (`input_char`, `strength`, `all_children_ids`, `active_up_to`, `complexity`) VALUES(NULL, 0, '--- \n- 1233\n- 1234\n- 1235\n', 0, 2)[0m
  [4;35;1mPatternMembership Load (0.2ms)[0m   [0mSELECT `pattern_memberships`.id FROM `pattern_memberships` WHERE (`pattern_memberships`.`sort_order` = 0 AND `pattern_memberships`.parent_id = 1236) LIMIT 1[0m
  [4;36;1mPatternMembership Create (0.1ms)[0m   [0;1mINSERT INTO `pattern_memberships` (`sort_order`, `parent_id`, `child_id`) VALUES(0, 1236, 1235)[0m
  [4;35;1mPatternMembership Load (0.2ms)[0m   [0mSELECT `pattern_memberships`.id FROM `pattern_memberships` WHERE (`pattern_memberships`.`sort_order` = 1 AND `pattern_memberships`.parent_id = 1236) LIMIT 1[0m
  [4;36;1mPatternMembership Create (0.1ms)[0m   [0;1mINSERT INTO `pattern_memberships` (`sort_order`, `parent_id`, `child_id`) VALUES(1, 1236, 1233)[0m
  [4;35;1mPatternMembership Load (0.2ms)[0m   [0mSELECT `pattern_memberships`.id FROM `pattern_memberships` WHERE (`pattern_memberships`.`sort_order` = 2 AND `pattern_memberships`.parent_id = 1236) LIMIT 1[0m
  [4;36;1mPatternMembership Create (0.1ms)[0m   [0;1mINSERT INTO `pattern_memberships` (`sort_order`, `parent_id`, `child_id`) VALUES(2, 1236, 1234)[0m
  [4;35;1mNeuronActivation Create (0.1ms)[0m   [0mINSERT INTO `neuron_activations` (`active_last_round`, `neuron_id`, `active`) VALUES(0, 1236, 0)[0m
  [4;36;1mSQL (0.5ms)[0m   [0;1mCOMMIT[0m
  [4;35;1mSQL (0.2ms)[0m   [0mSELECT count(*) AS count_all FROM `neurons` INNER JOIN `pattern_memberships` ON `neurons`.id = `pattern_memberships`.child_id WHERE ((`pattern_memberships`.parent_id = 1236)) [0m
  [4;36;1mPatternMembership Load (0.3ms)[0m   [0;1mSELECT * FROM `pattern_memberships` WHERE (`pattern_memberships`.parent_id = 1236) ORDER BY sort_order[0m
  [4;35;1mNeuron Load (0.2ms)[0m   [0mSELECT * FROM `neurons` WHERE (`neurons`.`id` IN (1233,1234,1235)) [0m
  [4;36;1mSQL (0.2ms)[0m   [0;1mSELECT count(*) AS count_all FROM `neurons` INNER JOIN `pattern_memberships` ON `neurons`.id = `pattern_memberships`.parent_id WHERE ((`pattern_memberships`.child_id = 1233)) [0m
  [4;35;1mNeuron Load (0.2ms)[0m   [0mSELECT `neurons`.* FROM `neurons` INNER JOIN `pattern_memberships` ON `neurons`.id = `pattern_memberships`.parent_id WHERE ((`pattern_memberships`.child_id = 1233)) [0m
  [4;36;1mNeuron Load (0.3ms)[0m   [0;1mSELECT * FROM `neurons` [0m
  [4;35;1mSQL (0.1ms)[0m   [0mBEGIN[0m
  [4;36;1mNeuron Destroy (0.2ms)[0m   [0;1mDELETE FROM `neurons` WHERE `id` = 1233[0m
  [4;35;1mSQL (0.6ms)[0m   [0mCOMMIT[0m
  [4;36;1mSQL (0.1ms)[0m   [0;1mBEGIN[0m
  [4;35;1mNeuron Destroy (0.2ms)[0m   [0mDELETE FROM `neurons` WHERE `id` = 1234[0m
  [4;36;1mSQL (0.4ms)[0m   [0;1mCOMMIT[0m
  [4;35;1mSQL (0.1ms)[0m   [0mBEGIN[0m
  [4;36;1mNeuron Destroy (0.1ms)[0m   [0;1mDELETE FROM `neurons` WHERE `id` = 1235[0m
  [4;35;1mSQL (0.5ms)[0m   [0mCOMMIT[0m
  [4;36;1mSQL (0.1ms)[0m   [0;1mBEGIN[0m
  [4;35;1mNeuron Destroy (0.1ms)[0m   [0mDELETE FROM `neurons` WHERE `id` = 1236[0m
  [4;36;1mSQL (0.5ms)[0m   [0;1mCOMMIT[0m
  [4;35;1mNeuronActivation Load (0.2ms)[0m   [0mSELECT * FROM `neuron_activations` [0m
  [4;36;1mSQL (0.1ms)[0m   [0;1mBEGIN[0m
  [4;35;1mNeuronActivation Destroy (0.1ms)[0m   [0mDELETE FROM `neuron_activations` WHERE `id` = 1246[0m
  [4;36;1mSQL (0.4ms)[0m   [0;1mCOMMIT[0m
  [4;35;1mSQL (0.1ms)[0m   [0mBEGIN[0m
  [4;36;1mNeuronActivation Destroy (0.1ms)[0m   [0;1mDELETE FROM `neuron_activations` WHERE `id` = 1247[0m
  [4;35;1mSQL (0.5ms)[0m   [0mCOMMIT[0m
  [4;36;1mSQL (0.1ms)[0m   [0;1mBEGIN[0m
  [4;35;1mNeuronActivation Destroy (0.1ms)[0m   [0mDELETE FROM `neuron_activations` WHERE `id` = 1248[0m
  [4;36;1mSQL (0.4ms)[0m   [0;1mCOMMIT[0m
  [4;35;1mSQL (0.1ms)[0m   [0mBEGIN[0m
  [4;36;1mNeuronActivation Destroy (0.1ms)[0m   [0;1mDELETE FROM `neuron_activations` WHERE `id` = 1249[0m
  [4;35;1mSQL (0.4ms)[0m   [0mCOMMIT[0m
  [4;36;1mSQL (0.1ms)[0m   [0;1mBEGIN[0m
  [4;35;1mNeuron Load (0.2ms)[0m   [0mSELECT `neurons`.id FROM `neurons` WHERE (`neurons`.`all_children_ids` = BINARY '') LIMIT 1[0m
  [4;36;1mNeuron Load (0.1ms)[0m   [0;1mSELECT `neurons`.id FROM `neurons` WHERE (`neurons`.`input_char` = BINARY 'a') LIMIT 1[0m
  [4;35;1mNeuron Create (0.2ms)[0m   [0mINSERT INTO `neurons` (`input_char`, `strength`, `all_children_ids`, `active_up_to`, `complexity`) VALUES('a', 0, '--- []\n\n', 0, 1)[0m
  [4;36;1mNeuronActivation Create (0.2ms)[0m   [0;1mINSERT INTO `neuron_activations` (`active_last_round`, `neuron_id`, `active`) VALUES(0, 1237, 0)[0m
  [4;35;1mSQL (0.5ms)[0m   [0mCOMMIT[0m
  [4;36;1mSQL (0.1ms)[0m   [0;1mBEGIN[0m
  [4;35;1mNeuron Load (0.2ms)[0m   [0mSELECT `neurons`.id FROM `neurons` WHERE (`neurons`.`all_children_ids` = BINARY '') LIMIT 1[0m
  [4;36;1mNeuron Load (0.1ms)[0m   [0;1mSELECT `neurons`.id FROM `neurons` WHERE (`neurons`.`input_char` = BINARY 'b') LIMIT 1[0m
  [4;35;1mNeuron Create (0.1ms)[0m   [0mINSERT INTO `neurons` (`input_char`, `strength`, `all_children_ids`, `active_up_to`, `complexity`) VALUES('b', 0, '--- []\n\n', 0, 1)[0m
  [4;36;1mNeuronActivation Create (0.1ms)[0m   [0;1mINSERT INTO `neuron_activations` (`active_last_round`, `neuron_id`, `active`) VALUES(0, 1238, 0)[0m
  [4;35;1mSQL (0.5ms)[0m   [0mCOMMIT[0m
  [4;36;1mSQL (0.1ms)[0m   [0;1mBEGIN[0m
  [4;35;1mNeuron Load (0.2ms)[0m   [0mSELECT `neurons`.id FROM `neurons` WHERE (`neurons`.`all_children_ids` = BINARY '') LIMIT 1[0m
  [4;36;1mNeuron Load (0.1ms)[0m   [0;1mSELECT `neurons`.id FROM `neurons` WHERE (`neurons`.`input_char` = BINARY 'c') LIMIT 1[0m
  [4;35;1mNeuron Create (0.1ms)[0m   [0mINSERT INTO `neurons` (`input_char`, `strength`, `all_children_ids`, `active_up_to`, `complexity`) VALUES('c', 0, '--- []\n\n', 0, 1)[0m
  [4;36;1mNeuronActivation Create (0.1ms)[0m   [0;1mINSERT INTO `neuron_activations` (`active_last_round`, `neuron_id`, `active`) VALUES(0, 1239, 0)[0m
  [4;35;1mSQL (0.7ms)[0m   [0mCOMMIT[0m
  [4;36;1mSQL (0.1ms)[0m   [0;1mBEGIN[0m
  [4;35;1mPatternMembership Load (0.3ms)[0m   [0mSELECT `pattern_memberships`.id FROM `pattern_memberships` WHERE (`pattern_memberships`.`sort_order` = 0 AND `pattern_memberships`.parent_id IS NULL) LIMIT 1[0m
  [4;36;1mPatternMembership Load (0.2ms)[0m   [0;1mSELECT `pattern_memberships`.id FROM `pattern_memberships` WHERE (`pattern_memberships`.`sort_order` = 1 AND `pattern_memberships`.parent_id IS NULL) LIMIT 1[0m
  [4;35;1mPatternMembership Load (0.2ms)[0m   [0mSELECT `pattern_memberships`.id FROM `pattern_memberships` WHERE (`pattern_memberships`.`sort_order` = 2 AND `pattern_memberships`.parent_id IS NULL) LIMIT 1[0m
  [4;36;1mNeuron Load (0.2ms)[0m   [0;1mSELECT `neurons`.id FROM `neurons` WHERE (`neurons`.`all_children_ids` = BINARY '123712381239') LIMIT 1[0m
  [4;35;1mNeuron Load (0.1ms)[0m   [0mSELECT `neurons`.id FROM `neurons` WHERE (`neurons`.`input_char` IS NULL) LIMIT 1[0m
  [4;36;1mNeuron Create (0.2ms)[0m   [0;1mINSERT INTO `neurons` (`input_char`, `strength`, `all_children_ids`, `active_up_to`, `complexity`) VALUES(NULL, 0, '--- \n- 1237\n- 1238\n- 1239\n', 0, 2)[0m
  [4;35;1mPatternMembership Load (0.2ms)[0m   [0mSELECT `pattern_memberships`.id FROM `pattern_memberships` WHERE (`pattern_memberships`.`sort_order` = 0 AND `pattern_memberships`.parent_id = 1240) LIMIT 1[0m
  [4;36;1mPatternMembership Create (0.1ms)[0m   [0;1mINSERT INTO `pattern_memberships` (`sort_order`, `parent_id`, `child_id`) VALUES(0, 1240, 1239)[0m
  [4;35;1mPatternMembership Load (0.2ms)[0m   [0mSELECT `pattern_memberships`.id FROM `pattern_memberships` WHERE (`pattern_memberships`.`sort_order` = 1 AND `pattern_memberships`.parent_id = 1240) LIMIT 1[0m
  [4;36;1mPatternMembership Create (0.1ms)[0m   [0;1mINSERT INTO `pattern_memberships` (`sort_order`, `parent_id`, `child_id`) VALUES(1, 1240, 1237)[0m
  [4;35;1mPatternMembership Load (0.2ms)[0m   [0mSELECT `pattern_memberships`.id FROM `pattern_memberships` WHERE (`pattern_memberships`.`sort_order` = 2 AND `pattern_memberships`.parent_id = 1240) LIMIT 1[0m
  [4;36;1mPatternMembership Create (0.1ms)[0m   [0;1mINSERT INTO `pattern_memberships` (`sort_order`, `parent_id`, `child_id`) VALUES(2, 1240, 1238)[0m
  [4;35;1mNeuronActivation Create (0.1ms)[0m   [0mINSERT INTO `neuron_activations` (`active_last_round`, `neuron_id`, `active`) VALUES(0, 1240, 0)[0m
  [4;36;1mSQL (0.5ms)[0m   [0;1mCOMMIT[0m
  [4;35;1mSQL (0.3ms)[0m   [0mSELECT count(*) AS count_all FROM `neurons` INNER JOIN `pattern_memberships` ON `neurons`.id = `pattern_memberships`.child_id WHERE ((`pattern_memberships`.parent_id = 1240)) [0m
  [4;36;1mPatternMembership Load (0.3ms)[0m   [0;1mSELECT * FROM `pattern_memberships` WHERE (`pattern_memberships`.parent_id = 1240) ORDER BY sort_order[0m
  [4;35;1mNeuron Load (0.2ms)[0m   [0mSELECT * FROM `neurons` WHERE (`neurons`.`id` IN (1237,1238,1239)) [0m
  [4;36;1mSQL (0.3ms)[0m   [0;1mSELECT count(*) AS count_all FROM `neurons` INNER JOIN `pattern_memberships` ON `neurons`.id = `pattern_memberships`.parent_id WHERE ((`pattern_memberships`.child_id = 1237)) [0m
  [4;35;1mNeuron Load (0.3ms)[0m   [0mSELECT `neurons`.* FROM `neurons` INNER JOIN `pattern_memberships` ON `neurons`.id = `pattern_memberships`.parent_id WHERE ((`pattern_memberships`.child_id = 1237)) [0m
  [4;36;1mSQL (0.1ms)[0m   [0;1mBEGIN[0m
  [4;35;1mNeuronActivation Update (0.2ms)[0m   [0mUPDATE `neuron_activations` SET `active` = 1 WHERE `id` = 1252[0m
  [4;36;1mSQL (0.5ms)[0m   [0;1mCOMMIT[0m
  [4;35;1mSQL (0.1ms)[0m   [0mBEGIN[0m
  [4;36;1mSQL (0.1ms)[0m   [0;1mCOMMIT[0m
  [4;35;1mSQL (0.1ms)[0m   [0mBEGIN[0m
  [4;36;1mSQL (0.1ms)[0m   [0;1mCOMMIT[0m
  [4;35;1mPatternMembership Load (0.3ms)[0m   [0mSELECT * FROM `pattern_memberships` WHERE (`pattern_memberships`.parent_id = 1240) ORDER BY sort_order[0m
  [4;36;1mNeuron Load (0.2ms)[0m   [0;1mSELECT * FROM `neurons` WHERE (`neurons`.`id` IN (1237,1238,1239)) [0m
  [4;35;1mPatternMembership Load (0.2ms)[0m   [0mSELECT * FROM `pattern_memberships` WHERE (`pattern_memberships`.parent_id = 1240) ORDER BY sort_order[0m
  [4;36;1mNeuron Load (0.2ms)[0m   [0;1mSELECT * FROM `neurons` WHERE (`neurons`.`id` IN (1237,1238,1239)) [0m
  [4;35;1mNeuronActivation Load (0.2ms)[0m   [0mSELECT * FROM `neuron_activations` WHERE (`neuron_activations`.neuron_id = 1239) LIMIT 1[0m
  [4;36;1mSQL (0.2ms)[0m   [0;1mSELECT count(*) AS count_all FROM `pattern_memberships` WHERE (`pattern_memberships`.parent_id = 1240) [0m
  [4;35;1mSQL (0.1ms)[0m   [0mBEGIN[0m
  [4;36;1mNeuron Update (0.2ms)[0m   [0;1mUPDATE `neurons` SET `active_up_to` = 1, `all_children_ids` = '--- \n- 1237\n- 1238\n- 1239\n' WHERE `id` = 1240[0m
  [4;35;1mSQL (0.5ms)[0m   [0mCOMMIT[0m
  [4;36;1mSQL (0.1ms)[0m   [0;1mBEGIN[0m
  [4;35;1mNeuronActivation Update (0.1ms)[0m   [0mUPDATE `neuron_activations` SET `active` = 0 WHERE `id` = 1252[0m
  [4;36;1mSQL (0.4ms)[0m   [0;1mCOMMIT[0m
  [4;35;1mSQL (0.1ms)[0m   [0mBEGIN[0m
  [4;36;1mNeuronActivation Update (0.2ms)[0m   [0;1mUPDATE `neuron_activations` SET `active` = 1 WHERE `id` = 1250[0m
  [4;35;1mSQL (0.5ms)[0m   [0mCOMMIT[0m
  [4;36;1mSQL (0.1ms)[0m   [0;1mBEGIN[0m
  [4;35;1mSQL (0.1ms)[0m   [0mCOMMIT[0m
  [4;36;1mPatternMembership Load (0.3ms)[0m   [0;1mSELECT * FROM `pattern_memberships` WHERE (`pattern_memberships`.parent_id = 1240) ORDER BY sort_order[0m
  [4;35;1mNeuron Load (0.2ms)[0m   [0mSELECT * FROM `neurons` WHERE (`neurons`.`id` IN (1237,1238,1239)) [0m
  [4;36;1mPatternMembership Load (0.2ms)[0m   [0;1mSELECT * FROM `pattern_memberships` WHERE (`pattern_memberships`.parent_id = 1240) ORDER BY sort_order[0m
  [4;35;1mNeuron Load (0.2ms)[0m   [0mSELECT * FROM `neurons` WHERE (`neurons`.`id` IN (1237,1238,1239)) [0m
  [4;36;1mNeuronActivation Load (0.2ms)[0m   [0;1mSELECT * FROM `neuron_activations` WHERE (`neuron_activations`.neuron_id = 1237) LIMIT 1[0m
  [4;35;1mSQL (0.2ms)[0m   [0mSELECT count(*) AS count_all FROM `pattern_memberships` WHERE (`pattern_memberships`.parent_id = 1240) [0m
  [4;36;1mSQL (0.1ms)[0m   [0;1mBEGIN[0m
  [4;35;1mNeuron Update (0.2ms)[0m   [0mUPDATE `neurons` SET `active_up_to` = 2, `all_children_ids` = '--- \n- 1237\n- 1238\n- 1239\n' WHERE `id` = 1240[0m
  [4;36;1mSQL (0.5ms)[0m   [0;1mCOMMIT[0m
  [4;35;1mSQL (0.1ms)[0m   [0mBEGIN[0m
  [4;36;1mSQL (0.1ms)[0m   [0;1mCOMMIT[0m
  [4;35;1mSQL (0.1ms)[0m   [0mBEGIN[0m
  [4;36;1mNeuronActivation Update (0.1ms)[0m   [0;1mUPDATE `neuron_activations` SET `active` = 0 WHERE `id` = 1250[0m
  [4;35;1mSQL (0.5ms)[0m   [0mCOMMIT[0m
  [4;36;1mSQL (0.1ms)[0m   [0;1mBEGIN[0m
  [4;35;1mNeuronActivation Update (0.1ms)[0m   [0mUPDATE `neuron_activations` SET `active` = 1 WHERE `id` = 1251[0m
  [4;36;1mSQL (0.4ms)[0m   [0;1mCOMMIT[0m
  [4;35;1mPatternMembership Load (0.2ms)[0m   [0mSELECT * FROM `pattern_memberships` WHERE (`pattern_memberships`.parent_id = 1240) ORDER BY sort_order[0m
  [4;36;1mNeuron Load (0.2ms)[0m   [0;1mSELECT * FROM `neurons` WHERE (`neurons`.`id` IN (1237,1238,1239)) [0m
  [4;35;1mPatternMembership Load (0.2ms)[0m   [0mSELECT * FROM `pattern_memberships` WHERE (`pattern_memberships`.parent_id = 1240) ORDER BY sort_order[0m
  [4;36;1mNeuron Load (0.2ms)[0m   [0;1mSELECT * FROM `neurons` WHERE (`neurons`.`id` IN (1237,1238,1239)) [0m
  [4;35;1mNeuronActivation Load (0.2ms)[0m   [0mSELECT * FROM `neuron_activations` WHERE (`neuron_activations`.neuron_id = 1238) LIMIT 1[0m
  [4;36;1mSQL (0.2ms)[0m   [0;1mSELECT count(*) AS count_all FROM `pattern_memberships` WHERE (`pattern_memberships`.parent_id = 1240) [0m
  [4;35;1mSQL (0.1ms)[0m   [0mBEGIN[0m
  [4;36;1mNeuronActivation Update (0.1ms)[0m   [0;1mUPDATE `neuron_activations` SET `active` = 1 WHERE `id` = 1253[0m
  [4;35;1mSQL (0.5ms)[0m   [0mCOMMIT[0m
  [4;36;1mSQL (0.1ms)[0m   [0;1mBEGIN[0m
  [4;35;1mNeuron Update (0.1ms)[0m   [0mUPDATE `neurons` SET `active_up_to` = 0, `all_children_ids` = '--- \n- 1237\n- 1238\n- 1239\n' WHERE `id` = 1240[0m
  [4;36;1mSQL (0.5ms)[0m   [0;1mCOMMIT[0m
  [4;35;1mNeuron Load (0.2ms)[0m   [0mSELECT * FROM `neurons` [0m
  [4;36;1mSQL (0.1ms)[0m   [0;1mBEGIN[0m
  [4;35;1mNeuron Destroy (0.1ms)[0m   [0mDELETE FROM `neurons` WHERE `id` = 1237[0m
  [4;36;1mSQL (0.5ms)[0m   [0;1mCOMMIT[0m
  [4;35;1mSQL (0.1ms)[0m   [0mBEGIN[0m
  [4;36;1mNeuron Destroy (0.1ms)[0m   [0;1mDELETE FROM `neurons` WHERE `id` = 1238[0m
  [4;35;1mSQL (0.4ms)[0m   [0mCOMMIT[0m
  [4;36;1mSQL (0.2ms)[0m   [0;1mBEGIN[0m
  [4;35;1mNeuron Destroy (0.1ms)[0m   [0mDELETE FROM `neurons` WHERE `id` = 1239[0m
  [4;36;1mSQL (0.5ms)[0m   [0;1mCOMMIT[0m
  [4;35;1mSQL (0.1ms)[0m   [0mBEGIN[0m
  [4;36;1mNeuron Destroy (0.1ms)[0m   [0;1mDELETE FROM `neurons` WHERE `id` = 1240[0m
  [4;35;1mSQL (0.5ms)[0m   [0mCOMMIT[0m
  [4;36;1mNeuronActivation Load (0.2ms)[0m   [0;1mSELECT * FROM `neuron_activations` [0m
  [4;35;1mSQL (0.1ms)[0m   [0mBEGIN[0m
  [4;36;1mNeuronActivation Destroy (0.1ms)[0m   [0;1mDELETE FROM `neuron_activations` WHERE `id` = 1250[0m
  [4;35;1mSQL (0.4ms)[0m   [0mCOMMIT[0m
  [4;36;1mSQL (0.2ms)[0m   [0;1mBEGIN[0m
  [4;35;1mNeuronActivation Destroy (0.1ms)[0m   [0mDELETE FROM `neuron_activations` WHERE `id` = 1251[0m
  [4;36;1mSQL (0.4ms)[0m   [0;1mCOMMIT[0m
  [4;35;1mSQL (0.2ms)[0m   [0mBEGIN[0m
  [4;36;1mNeuronActivation Destroy (0.2ms)[0m   [0;1mDELETE FROM `neuron_activations` WHERE `id` = 1252[0m
  [4;35;1mSQL (0.4ms)[0m   [0mCOMMIT[0m
  [4;36;1mSQL (0.1ms)[0m   [0;1mBEGIN[0m
  [4;35;1mNeuronActivation Destroy (0.1ms)[0m   [0mDELETE FROM `neuron_activations` WHERE `id` = 1253[0m
  [4;36;1mSQL (0.8ms)[0m   [0;1mCOMMIT[0m
  [4;35;1mSQL (0.1ms)[0m   [0mBEGIN[0m
  [4;36;1mNeuron Load (0.2ms)[0m   [0;1mSELECT `neurons`.id FROM `neurons` WHERE (`neurons`.`all_children_ids` = BINARY '') LIMIT 1[0m
  [4;35;1mNeuron Load (0.1ms)[0m   [0mSELECT `neurons`.id FROM `neurons` WHERE (`neurons`.`input_char` = BINARY 'a') LIMIT 1[0m
  [4;36;1mNeuron Create (0.2ms)[0m   [0;1mINSERT INTO `neurons` (`input_char`, `strength`, `all_children_ids`, `active_up_to`, `complexity`) VALUES('a', 0, '--- []\n\n', 0, 1)[0m
  [4;35;1mNeuronActivation Create (0.1ms)[0m   [0mINSERT INTO `neuron_activations` (`active_last_round`, `neuron_id`, `active`) VALUES(0, 1241, 0)[0m
  [4;36;1mSQL (0.5ms)[0m   [0;1mCOMMIT[0m
  [4;35;1mSQL (0.1ms)[0m   [0mBEGIN[0m
  [4;36;1mNeuron Load (0.2ms)[0m   [0;1mSELECT `neurons`.id FROM `neurons` WHERE (`neurons`.`all_children_ids` = BINARY '') LIMIT 1[0m
  [4;35;1mNeuron Load (0.1ms)[0m   [0mSELECT `neurons`.id FROM `neurons` WHERE (`neurons`.`input_char` = BINARY 'b') LIMIT 1[0m
  [4;36;1mNeuron Create (0.1ms)[0m   [0;1mINSERT INTO `neurons` (`input_char`, `strength`, `all_children_ids`, `active_up_to`, `complexity`) VALUES('b', 0, '--- []\n\n', 0, 1)[0m
  [4;35;1mNeuronActivation Create (0.1ms)[0m   [0mINSERT INTO `neuron_activations` (`active_last_round`, `neuron_id`, `active`) VALUES(0, 1242, 0)[0m
  [4;36;1mSQL (0.5ms)[0m   [0;1mCOMMIT[0m
  [4;35;1mSQL (0.1ms)[0m   [0mBEGIN[0m
  [4;36;1mNeuron Load (0.2ms)[0m   [0;1mSELECT `neurons`.id FROM `neurons` WHERE (`neurons`.`all_children_ids` = BINARY '') LIMIT 1[0m
  [4;35;1mNeuron Load (0.1ms)[0m   [0mSELECT `neurons`.id FROM `neurons` WHERE (`neurons`.`input_char` = BINARY 'c') LIMIT 1[0m
  [4;36;1mNeuron Create (0.1ms)[0m   [0;1mINSERT INTO `neurons` (`input_char`, `strength`, `all_children_ids`, `active_up_to`, `complexity`) VALUES('c', 0, '--- []\n\n', 0, 1)[0m
  [4;35;1mNeuronActivation Create (0.1ms)[0m   [0mINSERT INTO `neuron_activations` (`active_last_round`, `neuron_id`, `active`) VALUES(0, 1243, 0)[0m
  [4;36;1mSQL (0.5ms)[0m   [0;1mCOMMIT[0m
  [4;35;1mSQL (0.1ms)[0m   [0mBEGIN[0m
  [4;36;1mPatternMembership Load (0.2ms)[0m   [0;1mSELECT `pattern_memberships`.id FROM `pattern_memberships` WHERE (`pattern_memberships`.`sort_order` = 0 AND `pattern_memberships`.parent_id IS NULL) LIMIT 1[0m
  [4;35;1mPatternMembership Load (0.4ms)[0m   [0mSELECT `pattern_memberships`.id FROM `pattern_memberships` WHERE (`pattern_memberships`.`sort_order` = 1 AND `pattern_memberships`.parent_id IS NULL) LIMIT 1[0m
  [4;36;1mPatternMembership Load (0.3ms)[0m   [0;1mSELECT `pattern_memberships`.id FROM `pattern_memberships` WHERE (`pattern_memberships`.`sort_order` = 2 AND `pattern_memberships`.parent_id IS NULL) LIMIT 1[0m
  [4;35;1mNeuron Load (0.2ms)[0m   [0mSELECT `neurons`.id FROM `neurons` WHERE (`neurons`.`all_children_ids` = BINARY '124112421243') LIMIT 1[0m
  [4;36;1mNeuron Load (0.1ms)[0m   [0;1mSELECT `neurons`.id FROM `neurons` WHERE (`neurons`.`input_char` IS NULL) LIMIT 1[0m
  [4;35;1mNeuron Create (0.2ms)[0m   [0mINSERT INTO `neurons` (`input_char`, `strength`, `all_children_ids`, `active_up_to`, `complexity`) VALUES(NULL, 0, '--- \n- 1241\n- 1242\n- 1243\n', 0, 2)[0m
  [4;36;1mPatternMembership Load (0.2ms)[0m   [0;1mSELECT `pattern_memberships`.id FROM `pattern_memberships` WHERE (`pattern_memberships`.`sort_order` = 0 AND `pattern_memberships`.parent_id = 1244) LIMIT 1[0m
  [4;35;1mPatternMembership Create (0.1ms)[0m   [0mINSERT INTO `pattern_memberships` (`sort_order`, `parent_id`, `child_id`) VALUES(0, 1244, 1243)[0m
  [4;36;1mPatternMembership Load (0.2ms)[0m   [0;1mSELECT `pattern_memberships`.id FROM `pattern_memberships` WHERE (`pattern_memberships`.`sort_order` = 1 AND `pattern_memberships`.parent_id = 1244) LIMIT 1[0m
  [4;35;1mPatternMembership Create (0.2ms)[0m   [0mINSERT INTO `pattern_memberships` (`sort_order`, `parent_id`, `child_id`) VALUES(1, 1244, 1241)[0m
  [4;36;1mPatternMembership Load (0.2ms)[0m   [0;1mSELECT `pattern_memberships`.id FROM `pattern_memberships` WHERE (`pattern_memberships`.`sort_order` = 2 AND `pattern_memberships`.parent_id = 1244) LIMIT 1[0m
  [4;35;1mPatternMembership Create (0.1ms)[0m   [0mINSERT INTO `pattern_memberships` (`sort_order`, `parent_id`, `child_id`) VALUES(2, 1244, 1242)[0m
  [4;36;1mNeuronActivation Create (0.1ms)[0m   [0;1mINSERT INTO `neuron_activations` (`active_last_round`, `neuron_id`, `active`) VALUES(0, 1244, 0)[0m
  [4;35;1mSQL (0.5ms)[0m   [0mCOMMIT[0m
  [4;36;1mSQL (0.2ms)[0m   [0;1mSELECT count(*) AS count_all FROM `neurons` INNER JOIN `pattern_memberships` ON `neurons`.id = `pattern_memberships`.child_id WHERE ((`pattern_memberships`.parent_id = 1244)) [0m
  [4;35;1mPatternMembership Load (0.2ms)[0m   [0mSELECT * FROM `pattern_memberships` WHERE (`pattern_memberships`.parent_id = 1244) ORDER BY sort_order[0m
  [4;36;1mNeuron Load (0.2ms)[0m   [0;1mSELECT * FROM `neurons` WHERE (`neurons`.`id` IN (1243,1241,1242)) [0m
  [4;35;1mSQL (0.2ms)[0m   [0mSELECT count(*) AS count_all FROM `neurons` INNER JOIN `pattern_memberships` ON `neurons`.id = `pattern_memberships`.parent_id WHERE ((`pattern_memberships`.child_id = 1241)) [0m
  [4;36;1mNeuron Load (0.2ms)[0m   [0;1mSELECT `neurons`.* FROM `neurons` INNER JOIN `pattern_memberships` ON `neurons`.id = `pattern_memberships`.parent_id WHERE ((`pattern_memberships`.child_id = 1241)) [0m
  [4;35;1mSQL (0.1ms)[0m   [0mBEGIN[0m
  [4;36;1mPatternMembership Load (0.2ms)[0m   [0;1mSELECT `pattern_memberships`.id FROM `pattern_memberships` WHERE (`pattern_memberships`.`sort_order` = 0 AND `pattern_memberships`.parent_id IS NULL) LIMIT 1[0m
  [4;35;1mPatternMembership Load (0.2ms)[0m   [0mSELECT `pattern_memberships`.id FROM `pattern_memberships` WHERE (`pattern_memberships`.`sort_order` = 1 AND `pattern_memberships`.parent_id IS NULL) LIMIT 1[0m
  [4;36;1mNeuron Load (0.2ms)[0m   [0;1mSELECT `neurons`.id FROM `neurons` WHERE (`neurons`.`all_children_ids` = BINARY '12411242') LIMIT 1[0m
  [4;35;1mNeuron Load (0.2ms)[0m   [0mSELECT `neurons`.id FROM `neurons` WHERE (`neurons`.`input_char` IS NULL) LIMIT 1[0m
  [4;36;1mSQL (0.1ms)[0m   [0;1mROLLBACK[0m
  [4;35;1mSQL (0.1ms)[0m   [0mBEGIN[0m
  [4;36;1mNeuron Update (0.2ms)[0m   [0;1mUPDATE `neurons` SET `all_children_ids` = '--- \n- 1241\n- 1242\n- 1243\n' WHERE `id` = 1244[0m
  [4;35;1mSQL (0.5ms)[0m   [0mCOMMIT[0m
  [4;36;1mSQL (0.1ms)[0m   [0;1mBEGIN[0m
  [4;35;1mNeuron Create (0.1ms)[0m   [0mINSERT INTO `neurons` (`input_char`, `strength`, `all_children_ids`, `active_up_to`, `complexity`) VALUES(NULL, 0, '--- \n- 1241\n- 1242\n', 0, 2)[0m
  [4;36;1mPatternMembership Load (0.2ms)[0m   [0;1mSELECT `pattern_memberships`.id FROM `pattern_memberships` WHERE (`pattern_memberships`.`sort_order` = 0 AND `pattern_memberships`.parent_id = 1245) LIMIT 1[0m
  [4;35;1mPatternMembership Create (0.3ms)[0m   [0mINSERT INTO `pattern_memberships` (`sort_order`, `parent_id`, `child_id`) VALUES(0, 1245, 1241)[0m
  [4;36;1mPatternMembership Load (0.5ms)[0m   [0;1mSELECT `pattern_memberships`.id FROM `pattern_memberships` WHERE (`pattern_memberships`.`sort_order` = 1 AND `pattern_memberships`.parent_id = 1245) LIMIT 1[0m
  [4;35;1mPatternMembership Create (0.2ms)[0m   [0mINSERT INTO `pattern_memberships` (`sort_order`, `parent_id`, `child_id`) VALUES(1, 1245, 1242)[0m
  [4;36;1mNeuronActivation Create (0.1ms)[0m   [0;1mINSERT INTO `neuron_activations` (`active_last_round`, `neuron_id`, `active`) VALUES(0, 1245, 0)[0m
  [4;35;1mSQL (0.5ms)[0m   [0mCOMMIT[0m
  [4;36;1mNeuron Load (0.5ms)[0m   [0;1mSELECT `neurons`.* FROM `neurons` JOIN pattern_memberships ON (pattern_memberships.parent_id = neurons.id AND pattern_memberships.sort_order = neurons.active_up_to)
 JOIN neurons AS children ON (pattern_memberships.child_id = children.id)
 JOIN neuron_activations as child_activations ON (child_activations.neuron_id = children.id) WHERE (child_activations.active = 1) [0m
  [4;35;1mSQL (0.1ms)[0m   [0mBEGIN[0m
  [4;36;1mNeuronActivation Update (0.2ms)[0m   [0;1mUPDATE `neuron_activations` SET `active` = 1 WHERE `id` = 1256[0m
  [4;35;1mSQL (0.5ms)[0m   [0mCOMMIT[0m
  [4;36;1mSQL (0.1ms)[0m   [0;1mBEGIN[0m
  [4;35;1mSQL (0.1ms)[0m   [0mCOMMIT[0m
  [4;36;1mSQL (0.1ms)[0m   [0;1mBEGIN[0m
  [4;35;1mSQL (0.1ms)[0m   [0mCOMMIT[0m
  [4;36;1mNeuron Load (0.3ms)[0m   [0;1mSELECT `neurons`.* FROM `neurons` JOIN pattern_memberships ON (pattern_memberships.parent_id = neurons.id AND pattern_memberships.sort_order = neurons.active_up_to)
 JOIN neurons AS children ON (pattern_memberships.child_id = children.id)
 JOIN neuron_activations as child_activations ON (child_activations.neuron_id = children.id) WHERE (child_activations.active = 1) [0m
  [4;35;1mPatternMembership Load (0.3ms)[0m   [0mSELECT * FROM `pattern_memberships` WHERE (`pattern_memberships`.parent_id = 1244) ORDER BY sort_order[0m
  [4;36;1mNeuron Load (0.2ms)[0m   [0;1mSELECT * FROM `neurons` WHERE (`neurons`.`id` IN (1243,1241,1242)) [0m
  [4;35;1mPatternMembership Load (0.2ms)[0m   [0mSELECT * FROM `pattern_memberships` WHERE (`pattern_memberships`.parent_id = 1244) ORDER BY sort_order[0m
  [4;36;1mNeuron Load (0.2ms)[0m   [0;1mSELECT * FROM `neurons` WHERE (`neurons`.`id` IN (1243,1241,1242)) [0m
  [4;35;1mNeuronActivation Load (0.2ms)[0m   [0mSELECT * FROM `neuron_activations` WHERE (`neuron_activations`.neuron_id = 1243) LIMIT 1[0m
  [4;36;1mSQL (0.2ms)[0m   [0;1mSELECT count(*) AS count_all FROM `pattern_memberships` WHERE (`pattern_memberships`.parent_id = 1244) [0m
  [4;35;1mSQL (0.1ms)[0m   [0mBEGIN[0m
  [4;36;1mNeuron Update (0.2ms)[0m   [0;1mUPDATE `neurons` SET `active_up_to` = 1, `all_children_ids` = '--- \n- 1241\n- 1242\n- 1243\n' WHERE `id` = 1244[0m
  [4;35;1mSQL (0.5ms)[0m   [0mCOMMIT[0m
  [4;36;1mPatternMembership Load (0.3ms)[0m   [0;1mSELECT * FROM `pattern_memberships` WHERE (`pattern_memberships`.parent_id = 1245) ORDER BY sort_order[0m
  [4;35;1mNeuron Load (0.2ms)[0m   [0mSELECT * FROM `neurons` WHERE (`neurons`.`id` IN (1241,1242)) [0m
  [4;36;1mPatternMembership Load (0.2ms)[0m   [0;1mSELECT * FROM `pattern_memberships` WHERE (`pattern_memberships`.parent_id = 1245) ORDER BY sort_order[0m
  [4;35;1mNeuron Load (0.2ms)[0m   [0mSELECT * FROM `neurons` WHERE (`neurons`.`id` IN (1241,1242)) [0m
  [4;36;1mNeuronActivation Load (0.2ms)[0m   [0;1mSELECT * FROM `neuron_activations` WHERE (`neuron_activations`.neuron_id = 1241) LIMIT 1[0m
  [4;35;1mSQL (0.1ms)[0m   [0mBEGIN[0m
  [4;36;1mNeuron Update (0.2ms)[0m   [0;1mUPDATE `neurons` SET `all_children_ids` = '--- \n- 1241\n- 1242\n' WHERE `id` = 1245[0m
  [4;35;1mSQL (0.5ms)[0m   [0mCOMMIT[0m
  [4;36;1mSQL (0.1ms)[0m   [0;1mBEGIN[0m
  [4;35;1mNeuronActivation Update (0.1ms)[0m   [0mUPDATE `neuron_activations` SET `active` = 0 WHERE `id` = 1256[0m
  [4;36;1mSQL (0.5ms)[0m   [0;1mCOMMIT[0m
  [4;35;1mSQL (0.1ms)[0m   [0mBEGIN[0m
  [4;36;1mNeuronActivation Update (0.1ms)[0m   [0;1mUPDATE `neuron_activations` SET `active` = 1 WHERE `id` = 1254[0m
  [4;35;1mSQL (0.7ms)[0m   [0mCOMMIT[0m
  [4;36;1mSQL (0.1ms)[0m   [0;1mBEGIN[0m
  [4;35;1mSQL (0.1ms)[0m   [0mCOMMIT[0m
  [4;36;1mNeuron Load (0.3ms)[0m   [0;1mSELECT `neurons`.* FROM `neurons` JOIN pattern_memberships ON (pattern_memberships.parent_id = neurons.id AND pattern_memberships.sort_order = neurons.active_up_to)
 JOIN neurons AS children ON (pattern_memberships.child_id = children.id)
 JOIN neuron_activations as child_activations ON (child_activations.neuron_id = children.id) WHERE (child_activations.active = 1) [0m
  [4;35;1mPatternMembership Load (0.2ms)[0m   [0mSELECT * FROM `pattern_memberships` WHERE (`pattern_memberships`.parent_id = 1244) ORDER BY sort_order[0m
  [4;36;1mNeuron Load (0.2ms)[0m   [0;1mSELECT * FROM `neurons` WHERE (`neurons`.`id` IN (1243,1241,1242)) [0m
  [4;35;1mPatternMembership Load (0.3ms)[0m   [0mSELECT * FROM `pattern_memberships` WHERE (`pattern_memberships`.parent_id = 1244) ORDER BY sort_order[0m
  [4;36;1mNeuron Load (0.2ms)[0m   [0;1mSELECT * FROM `neurons` WHERE (`neurons`.`id` IN (1243,1241,1242)) [0m
  [4;35;1mNeuronActivation Load (0.2ms)[0m   [0mSELECT * FROM `neuron_activations` WHERE (`neuron_activations`.neuron_id = 1241) LIMIT 1[0m
  [4;36;1mSQL (0.2ms)[0m   [0;1mSELECT count(*) AS count_all FROM `pattern_memberships` WHERE (`pattern_memberships`.parent_id = 1244) [0m
  [4;35;1mSQL (0.1ms)[0m   [0mBEGIN[0m
  [4;36;1mNeuron Update (0.2ms)[0m   [0;1mUPDATE `neurons` SET `active_up_to` = 2, `all_children_ids` = '--- \n- 1241\n- 1242\n- 1243\n' WHERE `id` = 1244[0m
  [4;35;1mSQL (0.5ms)[0m   [0mCOMMIT[0m
  [4;36;1mPatternMembership Load (0.3ms)[0m   [0;1mSELECT * FROM `pattern_memberships` WHERE (`pattern_memberships`.parent_id = 1245) ORDER BY sort_order[0m
  [4;35;1mNeuron Load (0.2ms)[0m   [0mSELECT * FROM `neurons` WHERE (`neurons`.`id` IN (1241,1242)) [0m
  [4;36;1mPatternMembership Load (0.2ms)[0m   [0;1mSELECT * FROM `pattern_memberships` WHERE (`pattern_memberships`.parent_id = 1245) ORDER BY sort_order[0m
  [4;35;1mNeuron Load (0.2ms)[0m   [0mSELECT * FROM `neurons` WHERE (`neurons`.`id` IN (1241,1242)) [0m
  [4;36;1mNeuronActivation Load (0.2ms)[0m   [0;1mSELECT * FROM `neuron_activations` WHERE (`neuron_activations`.neuron_id = 1241) LIMIT 1[0m
  [4;35;1mSQL (0.2ms)[0m   [0mSELECT count(*) AS count_all FROM `pattern_memberships` WHERE (`pattern_memberships`.parent_id = 1245) [0m
  [4;36;1mSQL (0.1ms)[0m   [0;1mBEGIN[0m
  [4;35;1mNeuron Update (0.1ms)[0m   [0mUPDATE `neurons` SET `active_up_to` = 1, `all_children_ids` = '--- \n- 1241\n- 1242\n' WHERE `id` = 1245[0m
  [4;36;1mSQL (0.5ms)[0m   [0;1mCOMMIT[0m
  [4;35;1mSQL (0.1ms)[0m   [0mBEGIN[0m
  [4;36;1mSQL (0.1ms)[0m   [0;1mCOMMIT[0m
  [4;35;1mSQL (0.1ms)[0m   [0mBEGIN[0m
  [4;36;1mNeuronActivation Update (0.1ms)[0m   [0;1mUPDATE `neuron_activations` SET `active` = 0 WHERE `id` = 1254[0m
  [4;35;1mSQL (0.4ms)[0m   [0mCOMMIT[0m
  [4;36;1mSQL (0.1ms)[0m   [0;1mBEGIN[0m
  [4;35;1mNeuronActivation Update (0.1ms)[0m   [0mUPDATE `neuron_activations` SET `active` = 1 WHERE `id` = 1255[0m
  [4;36;1mSQL (0.5ms)[0m   [0;1mCOMMIT[0m
  [4;35;1mNeuron Load (0.3ms)[0m   [0mSELECT `neurons`.* FROM `neurons` JOIN pattern_memberships ON (pattern_memberships.parent_id = neurons.id AND pattern_memberships.sort_order = neurons.active_up_to)
 JOIN neurons AS children ON (pattern_memberships.child_id = children.id)
 JOIN neuron_activations as child_activations ON (child_activations.neuron_id = children.id) WHERE (child_activations.active = 1) [0m
  [4;36;1mPatternMembership Load (0.2ms)[0m   [0;1mSELECT * FROM `pattern_memberships` WHERE (`pattern_memberships`.parent_id = 1244) ORDER BY sort_order[0m
  [4;35;1mNeuron Load (0.2ms)[0m   [0mSELECT * FROM `neurons` WHERE (`neurons`.`id` IN (1243,1241,1242)) [0m
  [4;36;1mPatternMembership Load (0.2ms)[0m   [0;1mSELECT * FROM `pattern_memberships` WHERE (`pattern_memberships`.parent_id = 1244) ORDER BY sort_order[0m
  [4;35;1mNeuron Load (0.2ms)[0m   [0mSELECT * FROM `neurons` WHERE (`neurons`.`id` IN (1243,1241,1242)) [0m
  [4;36;1mNeuronActivation Load (0.2ms)[0m   [0;1mSELECT * FROM `neuron_activations` WHERE (`neuron_activations`.neuron_id = 1242) LIMIT 1[0m
  [4;35;1mSQL (0.2ms)[0m   [0mSELECT count(*) AS count_all FROM `pattern_memberships` WHERE (`pattern_memberships`.parent_id = 1244) [0m
  [4;36;1mSQL (0.1ms)[0m   [0;1mBEGIN[0m
  [4;35;1mNeuronActivation Update (0.1ms)[0m   [0mUPDATE `neuron_activations` SET `active` = 1 WHERE `id` = 1257[0m
  [4;36;1mSQL (0.5ms)[0m   [0;1mCOMMIT[0m
  [4;35;1mSQL (0.2ms)[0m   [0mBEGIN[0m
  [4;36;1mNeuron Update (0.1ms)[0m   [0;1mUPDATE `neurons` SET `active_up_to` = 0, `all_children_ids` = '--- \n- 1241\n- 1242\n- 1243\n' WHERE `id` = 1244[0m
  [4;35;1mSQL (0.7ms)[0m   [0mCOMMIT[0m
  [4;36;1mPatternMembership Load (0.2ms)[0m   [0;1mSELECT * FROM `pattern_memberships` WHERE (`pattern_memberships`.parent_id = 1245) ORDER BY sort_order[0m
  [4;35;1mNeuron Load (0.2ms)[0m   [0mSELECT * FROM `neurons` WHERE (`neurons`.`id` IN (1241,1242)) [0m
  [4;36;1mPatternMembership Load (0.3ms)[0m   [0;1mSELECT * FROM `pattern_memberships` WHERE (`pattern_memberships`.parent_id = 1245) ORDER BY sort_order[0m
  [4;35;1mNeuron Load (0.2ms)[0m   [0mSELECT * FROM `neurons` WHERE (`neurons`.`id` IN (1241,1242)) [0m
  [4;36;1mNeuronActivation Load (0.2ms)[0m   [0;1mSELECT * FROM `neuron_activations` WHERE (`neuron_activations`.neuron_id = 1242) LIMIT 1[0m
  [4;35;1mSQL (0.2ms)[0m   [0mSELECT count(*) AS count_all FROM `pattern_memberships` WHERE (`pattern_memberships`.parent_id = 1245) [0m
  [4;36;1mSQL (0.1ms)[0m   [0;1mBEGIN[0m
  [4;35;1mNeuronActivation Update (0.1ms)[0m   [0mUPDATE `neuron_activations` SET `active` = 1 WHERE `id` = 1258[0m
  [4;36;1mSQL (0.5ms)[0m   [0;1mCOMMIT[0m
  [4;35;1mSQL (0.1ms)[0m   [0mBEGIN[0m
  [4;36;1mNeuron Update (0.1ms)[0m   [0;1mUPDATE `neurons` SET `active_up_to` = 0, `all_children_ids` = '--- \n- 1241\n- 1242\n' WHERE `id` = 1245[0m
  [4;35;1mSQL (0.5ms)[0m   [0mCOMMIT[0m
  [4;36;1mNeuron Load (0.3ms)[0m   [0;1mSELECT `neurons`.* FROM `neurons` JOIN pattern_memberships ON (pattern_memberships.parent_id = neurons.id AND pattern_memberships.sort_order = neurons.active_up_to)
 JOIN neurons AS children ON (pattern_memberships.child_id = children.id)
 JOIN neuron_activations as child_activations ON (child_activations.neuron_id = children.id) WHERE (child_activations.active = 1) [0m
  [4;35;1mNeuron Load (0.2ms)[0m   [0mSELECT * FROM `neurons` [0m
  [4;36;1mSQL (0.1ms)[0m   [0;1mBEGIN[0m
  [4;35;1mNeuron Destroy (0.1ms)[0m   [0mDELETE FROM `neurons` WHERE `id` = 1241[0m
  [4;36;1mSQL (0.5ms)[0m   [0;1mCOMMIT[0m
  [4;35;1mSQL (0.1ms)[0m   [0mBEGIN[0m
  [4;36;1mNeuron Destroy (0.1ms)[0m   [0;1mDELETE FROM `neurons` WHERE `id` = 1242[0m
  [4;35;1mSQL (0.4ms)[0m   [0mCOMMIT[0m
  [4;36;1mSQL (0.1ms)[0m   [0;1mBEGIN[0m
  [4;35;1mNeuron Destroy (0.2ms)[0m   [0mDELETE FROM `neurons` WHERE `id` = 1243[0m
  [4;36;1mSQL (0.5ms)[0m   [0;1mCOMMIT[0m
  [4;35;1mSQL (0.2ms)[0m   [0mBEGIN[0m
  [4;36;1mNeuron Destroy (0.1ms)[0m   [0;1mDELETE FROM `neurons` WHERE `id` = 1244[0m
  [4;35;1mSQL (0.4ms)[0m   [0mCOMMIT[0m
  [4;36;1mSQL (0.1ms)[0m   [0;1mBEGIN[0m
  [4;35;1mNeuron Destroy (0.1ms)[0m   [0mDELETE FROM `neurons` WHERE `id` = 1245[0m
  [4;36;1mSQL (0.5ms)[0m   [0;1mCOMMIT[0m
  [4;35;1mNeuronActivation Load (0.2ms)[0m   [0mSELECT * FROM `neuron_activations` [0m
  [4;36;1mSQL (0.1ms)[0m   [0;1mBEGIN[0m
  [4;35;1mNeuronActivation Destroy (0.1ms)[0m   [0mDELETE FROM `neuron_activations` WHERE `id` = 1254[0m
  [4;36;1mSQL (0.5ms)[0m   [0;1mCOMMIT[0m
  [4;35;1mSQL (0.1ms)[0m   [0mBEGIN[0m
  [4;36;1mNeuronActivation Destroy (0.1ms)[0m   [0;1mDELETE FROM `neuron_activations` WHERE `id` = 1255[0m
  [4;35;1mSQL (0.4ms)[0m   [0mCOMMIT[0m
  [4;36;1mSQL (0.1ms)[0m   [0;1mBEGIN[0m
  [4;35;1mNeuronActivation Destroy (0.1ms)[0m   [0mDELETE FROM `neuron_activations` WHERE `id` = 1256[0m
  [4;36;1mSQL (0.4ms)[0m   [0;1mCOMMIT[0m
  [4;35;1mSQL (0.2ms)[0m   [0mBEGIN[0m
  [4;36;1mNeuronActivation Destroy (0.1ms)[0m   [0;1mDELETE FROM `neuron_activations` WHERE `id` = 1257[0m
  [4;35;1mSQL (0.5ms)[0m   [0mCOMMIT[0m
  [4;36;1mSQL (0.1ms)[0m   [0;1mBEGIN[0m
  [4;35;1mNeuronActivation Destroy (0.1ms)[0m   [0mDELETE FROM `neuron_activations` WHERE `id` = 1258[0m
  [4;36;1mSQL (0.4ms)[0m   [0;1mCOMMIT[0m
  [4;35;1mSQL (0.1ms)[0m   [0mBEGIN[0m
  [4;36;1mNeuron Load (0.2ms)[0m   [0;1mSELECT `neurons`.id FROM `neurons` WHERE (`neurons`.`all_children_ids` = BINARY '') LIMIT 1[0m
  [4;35;1mNeuron Load (0.1ms)[0m   [0mSELECT `neurons`.id FROM `neurons` WHERE (`neurons`.`input_char` = BINARY 'a') LIMIT 1[0m
  [4;36;1mNeuron Create (0.1ms)[0m   [0;1mINSERT INTO `neurons` (`input_char`, `strength`, `all_children_ids`, `active_up_to`, `complexity`) VALUES('a', 0, '--- []\n\n', 0, 1)[0m
  [4;35;1mNeuronActivation Create (0.1ms)[0m   [0mINSERT INTO `neuron_activations` (`active_last_round`, `neuron_id`, `active`) VALUES(0, 1246, 0)[0m
  [4;36;1mSQL (0.5ms)[0m   [0;1mCOMMIT[0m
  [4;35;1mSQL (0.1ms)[0m   [0mBEGIN[0m
  [4;36;1mNeuron Load (0.2ms)[0m   [0;1mSELECT `neurons`.id FROM `neurons` WHERE (`neurons`.`all_children_ids` = BINARY '') LIMIT 1[0m
  [4;35;1mNeuron Load (0.1ms)[0m   [0mSELECT `neurons`.id FROM `neurons` WHERE (`neurons`.`input_char` = BINARY 'b') LIMIT 1[0m
  [4;36;1mNeuron Create (0.1ms)[0m   [0;1mINSERT INTO `neurons` (`input_char`, `strength`, `all_children_ids`, `active_up_to`, `complexity`) VALUES('b', 0, '--- []\n\n', 0, 1)[0m
  [4;35;1mNeuronActivation Create (0.2ms)[0m   [0mINSERT INTO `neuron_activations` (`active_last_round`, `neuron_id`, `active`) VALUES(0, 1247, 0)[0m
  [4;36;1mSQL (0.4ms)[0m   [0;1mCOMMIT[0m
  [4;35;1mSQL (0.1ms)[0m   [0mBEGIN[0m
  [4;36;1mNeuron Load (0.2ms)[0m   [0;1mSELECT `neurons`.id FROM `neurons` WHERE (`neurons`.`all_children_ids` = BINARY '') LIMIT 1[0m
  [4;35;1mNeuron Load (0.1ms)[0m   [0mSELECT `neurons`.id FROM `neurons` WHERE (`neurons`.`input_char` = BINARY 'c') LIMIT 1[0m
  [4;36;1mNeuron Create (0.1ms)[0m   [0;1mINSERT INTO `neurons` (`input_char`, `strength`, `all_children_ids`, `active_up_to`, `complexity`) VALUES('c', 0, '--- []\n\n', 0, 1)[0m
  [4;35;1mNeuronActivation Create (0.1ms)[0m   [0mINSERT INTO `neuron_activations` (`active_last_round`, `neuron_id`, `active`) VALUES(0, 1248, 0)[0m
  [4;36;1mSQL (0.5ms)[0m   [0;1mCOMMIT[0m
  [4;35;1mSQL (0.1ms)[0m   [0mBEGIN[0m
  [4;36;1mPatternMembership Load (0.3ms)[0m   [0;1mSELECT `pattern_memberships`.id FROM `pattern_memberships` WHERE (`pattern_memberships`.`sort_order` = 0 AND `pattern_memberships`.parent_id IS NULL) LIMIT 1[0m
  [4;35;1mPatternMembership Load (0.2ms)[0m   [0mSELECT `pattern_memberships`.id FROM `pattern_memberships` WHERE (`pattern_memberships`.`sort_order` = 1 AND `pattern_memberships`.parent_id IS NULL) LIMIT 1[0m
  [4;36;1mPatternMembership Load (0.2ms)[0m   [0;1mSELECT `pattern_memberships`.id FROM `pattern_memberships` WHERE (`pattern_memberships`.`sort_order` = 2 AND `pattern_memberships`.parent_id IS NULL) LIMIT 1[0m
  [4;35;1mNeuron Load (0.2ms)[0m   [0mSELECT `neurons`.id FROM `neurons` WHERE (`neurons`.`all_children_ids` = BINARY '124612471248') LIMIT 1[0m
  [4;36;1mNeuron Load (0.1ms)[0m   [0;1mSELECT `neurons`.id FROM `neurons` WHERE (`neurons`.`input_char` IS NULL) LIMIT 1[0m
  [4;35;1mNeuron Create (0.2ms)[0m   [0mINSERT INTO `neurons` (`input_char`, `strength`, `all_children_ids`, `active_up_to`, `complexity`) VALUES(NULL, 0, '--- \n- 1246\n- 1247\n- 1248\n', 0, 2)[0m
  [4;36;1mPatternMembership Load (0.2ms)[0m   [0;1mSELECT `pattern_memberships`.id FROM `pattern_memberships` WHERE (`pattern_memberships`.`sort_order` = 0 AND `pattern_memberships`.parent_id = 1249) LIMIT 1[0m
  [4;35;1mPatternMembership Create (0.1ms)[0m   [0mINSERT INTO `pattern_memberships` (`sort_order`, `parent_id`, `child_id`) VALUES(0, 1249, 1248)[0m
  [4;36;1mPatternMembership Load (0.2ms)[0m   [0;1mSELECT `pattern_memberships`.id FROM `pattern_memberships` WHERE (`pattern_memberships`.`sort_order` = 1 AND `pattern_memberships`.parent_id = 1249) LIMIT 1[0m
  [4;35;1mPatternMembership Create (0.1ms)[0m   [0mINSERT INTO `pattern_memberships` (`sort_order`, `parent_id`, `child_id`) VALUES(1, 1249, 1246)[0m
  [4;36;1mPatternMembership Load (0.2ms)[0m   [0;1mSELECT `pattern_memberships`.id FROM `pattern_memberships` WHERE (`pattern_memberships`.`sort_order` = 2 AND `pattern_memberships`.parent_id = 1249) LIMIT 1[0m
  [4;35;1mPatternMembership Create (0.1ms)[0m   [0mINSERT INTO `pattern_memberships` (`sort_order`, `parent_id`, `child_id`) VALUES(2, 1249, 1247)[0m
  [4;36;1mNeuronActivation Create (0.1ms)[0m   [0;1mINSERT INTO `neuron_activations` (`active_last_round`, `neuron_id`, `active`) VALUES(0, 1249, 0)[0m
  [4;35;1mSQL (0.5ms)[0m   [0mCOMMIT[0m
  [4;36;1mSQL (0.3ms)[0m   [0;1mSELECT count(*) AS count_all FROM `neurons` INNER JOIN `pattern_memberships` ON `neurons`.id = `pattern_memberships`.child_id WHERE ((`pattern_memberships`.parent_id = 1249)) [0m
  [4;35;1mPatternMembership Load (0.3ms)[0m   [0mSELECT * FROM `pattern_memberships` WHERE (`pattern_memberships`.parent_id = 1249) ORDER BY sort_order[0m
  [4;36;1mNeuron Load (0.3ms)[0m   [0;1mSELECT * FROM `neurons` WHERE (`neurons`.`id` IN (1246,1247,1248)) [0m
  [4;35;1mSQL (0.3ms)[0m   [0mSELECT count(*) AS count_all FROM `neurons` INNER JOIN `pattern_memberships` ON `neurons`.id = `pattern_memberships`.parent_id WHERE ((`pattern_memberships`.child_id = 1246)) [0m
  [4;36;1mNeuron Load (0.2ms)[0m   [0;1mSELECT `neurons`.* FROM `neurons` INNER JOIN `pattern_memberships` ON `neurons`.id = `pattern_memberships`.parent_id WHERE ((`pattern_memberships`.child_id = 1246)) [0m
  [4;35;1mNeuron Load (0.2ms)[0m   [0mSELECT `neurons`.* FROM `neurons` INNER JOIN `pattern_memberships` ON `neurons`.id = `pattern_memberships`.parent_id WHERE (`neurons`.`all_children_ids` = '--- \n- 1246\n- 1248\n') AND ((`pattern_memberships`.child_id = 1248)) [0m
  [4;36;1mNeuron Load (0.2ms)[0m   [0;1mSELECT `neurons`.* FROM `neurons` INNER JOIN `pattern_memberships` ON `neurons`.id = `pattern_memberships`.parent_id WHERE (`neurons`.`all_children_ids` = '--- \n- 1246\n- 1247\n- 1248\n') AND ((`pattern_memberships`.child_id = 1246)) [0m
  [4;35;1mPatternMembership Load (0.2ms)[0m   [0mSELECT * FROM `pattern_memberships` WHERE (`pattern_memberships`.parent_id = 1249) ORDER BY sort_order[0m
  [4;36;1mNeuron Load (0.2ms)[0m   [0;1mSELECT * FROM `neurons` WHERE (`neurons`.`id` IN (1246,1247,1248)) [0m
  [4;35;1mNeuron Load (0.2ms)[0m   [0mSELECT `neurons`.* FROM `neurons` INNER JOIN `pattern_memberships` ON `neurons`.id = `pattern_memberships`.parent_id WHERE (`neurons`.`all_children_ids` = '--- \n- 1246\n- 1247\n- 1248\n') AND ((`pattern_memberships`.child_id = 1248)) [0m
  [4;36;1mPatternMembership Load (0.2ms)[0m   [0;1mSELECT * FROM `pattern_memberships` WHERE (`pattern_memberships`.parent_id = 1249) ORDER BY sort_order[0m
  [4;35;1mNeuron Load (0.2ms)[0m   [0mSELECT * FROM `neurons` WHERE (`neurons`.`id` IN (1246,1247,1248)) [0m
  [4;36;1mNeuron Load (0.2ms)[0m   [0;1mSELECT * FROM `neurons` [0m
  [4;35;1mSQL (0.1ms)[0m   [0mBEGIN[0m
  [4;36;1mNeuron Destroy (0.1ms)[0m   [0;1mDELETE FROM `neurons` WHERE `id` = 1246[0m
  [4;35;1mSQL (0.5ms)[0m   [0mCOMMIT[0m
  [4;36;1mSQL (0.2ms)[0m   [0;1mBEGIN[0m
  [4;35;1mNeuron Destroy (0.2ms)[0m   [0mDELETE FROM `neurons` WHERE `id` = 1247[0m
  [4;36;1mSQL (0.7ms)[0m   [0;1mCOMMIT[0m
  [4;35;1mSQL (0.1ms)[0m   [0mBEGIN[0m
  [4;36;1mNeuron Destroy (0.1ms)[0m   [0;1mDELETE FROM `neurons` WHERE `id` = 1248[0m
  [4;35;1mSQL (0.5ms)[0m   [0mCOMMIT[0m
  [4;36;1mSQL (0.2ms)[0m   [0;1mBEGIN[0m
  [4;35;1mNeuron Destroy (0.1ms)[0m   [0mDELETE FROM `neurons` WHERE `id` = 1249[0m
  [4;36;1mSQL (0.5ms)[0m   [0;1mCOMMIT[0m
  [4;35;1mNeuronActivation Load (0.2ms)[0m   [0mSELECT * FROM `neuron_activations` [0m
  [4;36;1mSQL (0.1ms)[0m   [0;1mBEGIN[0m
  [4;35;1mNeuronActivation Destroy (0.2ms)[0m   [0mDELETE FROM `neuron_activations` WHERE `id` = 1259[0m
  [4;36;1mSQL (0.5ms)[0m   [0;1mCOMMIT[0m
  [4;35;1mSQL (0.1ms)[0m   [0mBEGIN[0m
  [4;36;1mNeuronActivation Destroy (0.1ms)[0m   [0;1mDELETE FROM `neuron_activations` WHERE `id` = 1260[0m
  [4;35;1mSQL (0.4ms)[0m   [0mCOMMIT[0m
  [4;36;1mSQL (0.1ms)[0m   [0;1mBEGIN[0m
  [4;35;1mNeuronActivation Destroy (0.1ms)[0m   [0mDELETE FROM `neuron_activations` WHERE `id` = 1261[0m
  [4;36;1mSQL (0.5ms)[0m   [0;1mCOMMIT[0m
  [4;35;1mSQL (0.1ms)[0m   [0mBEGIN[0m
  [4;36;1mNeuronActivation Destroy (0.1ms)[0m   [0;1mDELETE FROM `neuron_activations` WHERE `id` = 1262[0m
  [4;35;1mSQL (0.4ms)[0m   [0mCOMMIT[0m
  [4;36;1mSQL (0.1ms)[0m   [0;1mBEGIN[0m
  [4;35;1mNeuron Load (0.2ms)[0m   [0mSELECT `neurons`.id FROM `neurons` WHERE (`neurons`.`all_children_ids` = BINARY '') LIMIT 1[0m
  [4;36;1mNeuron Load (0.2ms)[0m   [0;1mSELECT `neurons`.id FROM `neurons` WHERE (`neurons`.`input_char` = BINARY ' ') LIMIT 1[0m
  [4;35;1mNeuron Create (0.1ms)[0m   [0mINSERT INTO `neurons` (`input_char`, `strength`, `all_children_ids`, `active_up_to`, `complexity`) VALUES(' ', 0, '--- []\n\n', 0, 1)[0m
  [4;36;1mNeuronActivation Create (0.1ms)[0m   [0;1mINSERT INTO `neuron_activations` (`active_last_round`, `neuron_id`, `active`) VALUES(0, 1250, 0)[0m
  [4;35;1mSQL (0.5ms)[0m   [0mCOMMIT[0m
  [4;36;1mSQL (0.1ms)[0m   [0;1mBEGIN[0m
  [4;35;1mNeuron Load (0.2ms)[0m   [0mSELECT `neurons`.id FROM `neurons` WHERE (`neurons`.`all_children_ids` = BINARY '') LIMIT 1[0m
  [4;36;1mNeuron Load (0.1ms)[0m   [0;1mSELECT `neurons`.id FROM `neurons` WHERE (`neurons`.`input_char` IS NULL) LIMIT 1[0m
  [4;35;1mSQL (0.1ms)[0m   [0mROLLBACK[0m
  [4;36;1mNeuron Load (0.1ms)[0m   [0;1mSELECT `neurons`.id FROM `neurons` WHERE (`neurons`.`all_children_ids` = BINARY '') LIMIT 1[0m
  [4;35;1mNeuron Load (0.1ms)[0m   [0mSELECT `neurons`.id FROM `neurons` WHERE (`neurons`.`input_char` IS NULL) LIMIT 1[0m
